{"/home/guilherme/Projetos/EzMotoFlow/api/src/main.ts": {"path":"/home/guilherme/Projetos/EzMotoFlow/api/src/main.ts","statementMap":{"0":{"start":{"line":1,"column":0},"end":{"line":1,"column":65}},"1":{"start":{"line":2,"column":0},"end":{"line":2,"column":48}},"2":{"start":{"line":3,"column":0},"end":{"line":3,"column":45}},"3":{"start":{"line":4,"column":0},"end":{"line":4,"column":43}},"4":{"start":{"line":5,"column":0},"end":{"line":5,"column":42}},"5":{"start":{"line":8,"column":13},"end":{"line":8,"column":48}},"6":{"start":{"line":10,"column":1},"end":{"line":16,"column":3}},"7":{"start":{"line":18,"column":1},"end":{"line":18,"column":18}},"8":{"start":{"line":20,"column":16},"end":{"line":25,"column":10}},"9":{"start":{"line":27,"column":25},"end":{"line":27,"column":72}},"10":{"start":{"line":27,"column":31},"end":{"line":27,"column":72}},"11":{"start":{"line":28,"column":1},"end":{"line":28,"column":51}},"12":{"start":{"line":30,"column":1},"end":{"line":30,"column":45}},"13":{"start":{"line":31,"column":1},"end":{"line":31,"column":67}},"14":{"start":{"line":33,"column":1},"end":{"line":33,"column":44}},"15":{"start":{"line":35,"column":0},"end":{"line":35,"column":12}}},"fnMap":{"0":{"name":"bootstrap","decl":{"start":{"line":7,"column":15},"end":{"line":7,"column":24}},"loc":{"start":{"line":7,"column":24},"end":{"line":34,"column":1}}},"1":{"name":"(anonymous_1)","decl":{"start":{"line":27,"column":25},"end":{"line":27,"column":28}},"loc":{"start":{"line":27,"column":31},"end":{"line":27,"column":72}}}},"branchMap":{"0":{"loc":{"start":{"line":33,"column":18},"end":{"line":33,"column":42}},"type":"binary-expr","locations":[{"start":{"line":33,"column":18},"end":{"line":33,"column":34}},{"start":{"line":33,"column":38},"end":{"line":33,"column":42}}]}},"s":{"0":0,"1":0,"2":0,"3":0,"4":0,"5":0,"6":0,"7":0,"8":0,"9":0,"10":0,"11":0,"12":0,"13":0,"14":0,"15":0},"f":{"0":0,"1":0},"b":{"0":[0,0]}}
,"/home/guilherme/Projetos/EzMotoFlow/api/src/app/app.controller.ts": {"path":"/home/guilherme/Projetos/EzMotoFlow/api/src/app/app.controller.ts","statementMap":{"0":{"start":{"line":1,"column":0},"end":{"line":1,"column":79}},"1":{"start":{"line":2,"column":0},"end":{"line":2,"column":61}},"2":{"start":{"line":6,"column":7},"end":{"line":6,"column":null}},"3":{"start":{"line":6,"column":13},"end":{"line":6,"column":26}},"4":{"start":{"line":6,"column":13},"end":{"line":6,"column":null}}},"fnMap":{},"branchMap":{},"s":{"0":0,"1":0,"2":0,"3":0,"4":0},"f":{},"b":{}}
,"/home/guilherme/Projetos/EzMotoFlow/api/src/app/app.module.ts": {"path":"/home/guilherme/Projetos/EzMotoFlow/api/src/app/app.module.ts","statementMap":{"0":{"start":{"line":1,"column":0},"end":{"line":1,"column":73}},"1":{"start":{"line":2,"column":0},"end":{"line":2,"column":68}},"2":{"start":{"line":3,"column":0},"end":{"line":3,"column":62}},"3":{"start":{"line":4,"column":0},"end":{"line":4,"column":59}},"4":{"start":{"line":5,"column":0},"end":{"line":5,"column":57}},"5":{"start":{"line":6,"column":0},"end":{"line":6,"column":53}},"6":{"start":{"line":7,"column":0},"end":{"line":7,"column":52}},"7":{"start":{"line":8,"column":0},"end":{"line":8,"column":50}},"8":{"start":{"line":9,"column":0},"end":{"line":9,"column":49}},"9":{"start":{"line":10,"column":0},"end":{"line":10,"column":46}},"10":{"start":{"line":11,"column":0},"end":{"line":11,"column":43}},"11":{"start":{"line":12,"column":0},"end":{"line":12,"column":42}},"12":{"start":{"line":13,"column":0},"end":{"line":13,"column":40}},"13":{"start":{"line":14,"column":0},"end":{"line":14,"column":28}},"14":{"start":{"line":42,"column":7},"end":{"line":42,"column":null}},"15":{"start":{"line":42,"column":13},"end":{"line":42,"column":22}},"16":{"start":{"line":42,"column":13},"end":{"line":42,"column":null}}},"fnMap":{},"branchMap":{},"s":{"0":0,"1":0,"2":0,"3":0,"4":0,"5":0,"6":0,"7":0,"8":0,"9":0,"10":0,"11":0,"12":0,"13":0,"14":0,"15":0,"16":0},"f":{},"b":{}}
,"/home/guilherme/Projetos/EzMotoFlow/api/src/app/app.service.ts": {"path":"/home/guilherme/Projetos/EzMotoFlow/api/src/app/app.service.ts","statementMap":{"0":{"start":{"line":1,"column":0},"end":{"line":1,"column":44}},"1":{"start":{"line":4,"column":7},"end":{"line":4,"column":null}},"2":{"start":{"line":4,"column":13},"end":{"line":4,"column":23}},"3":{"start":{"line":4,"column":13},"end":{"line":4,"column":null}}},"fnMap":{},"branchMap":{},"s":{"0":0,"1":0,"2":0,"3":0},"f":{},"b":{}}
,"/home/guilherme/Projetos/EzMotoFlow/api/src/auth/auth.controller.ts": {"path":"/home/guilherme/Projetos/EzMotoFlow/api/src/auth/auth.controller.ts","statementMap":{"0":{"start":{"line":1,"column":0},"end":{"line":1,"column":56}},"1":{"start":{"line":2,"column":0},"end":{"line":2,"column":47}},"2":{"start":{"line":3,"column":0},"end":{"line":3,"column":45}},"3":{"start":{"line":4,"column":0},"end":{"line":4,"column":43}},"4":{"start":{"line":7,"column":7},"end":{"line":15,"column":null}},"5":{"start":{"line":8,"column":30},"end":{"line":8,"column":43}},"6":{"start":{"line":13,"column":2},"end":{"line":13,"column":48}},"7":{"start":{"line":7,"column":13},"end":{"line":7,"column":27}},"8":{"start":{"line":12,"column":1},"end":{"line":14,"column":null}},"9":{"start":{"line":7,"column":13},"end":{"line":15,"column":null}}},"fnMap":{"0":{"name":"(anonymous_4)","decl":{"start":{"line":8,"column":1},"end":{"line":8,"column":30}},"loc":{"start":{"line":8,"column":54},"end":{"line":8,"column":58}}},"1":{"name":"(anonymous_5)","decl":{"start":{"line":12,"column":1},"end":{"line":12,"column":6}},"loc":{"start":{"line":12,"column":33},"end":{"line":14,"column":2}}}},"branchMap":{},"s":{"0":0,"1":0,"2":0,"3":0,"4":0,"5":0,"6":0,"7":0,"8":0,"9":0},"f":{"0":0,"1":0},"b":{}}
,"/home/guilherme/Projetos/EzMotoFlow/api/src/auth/auth.module.ts": {"path":"/home/guilherme/Projetos/EzMotoFlow/api/src/auth/auth.module.ts","statementMap":{"0":{"start":{"line":1,"column":0},"end":{"line":1,"column":57}},"1":{"start":{"line":2,"column":0},"end":{"line":2,"column":56}},"2":{"start":{"line":3,"column":0},"end":{"line":3,"column":54}},"3":{"start":{"line":4,"column":0},"end":{"line":4,"column":51}},"4":{"start":{"line":5,"column":0},"end":{"line":5,"column":48}},"5":{"start":{"line":6,"column":0},"end":{"line":6,"column":46}},"6":{"start":{"line":7,"column":0},"end":{"line":7,"column":45}},"7":{"start":{"line":8,"column":0},"end":{"line":8,"column":44}},"8":{"start":{"line":9,"column":0},"end":{"line":9,"column":40}},"9":{"start":{"line":28,"column":7},"end":{"line":28,"column":null}},"10":{"start":{"line":28,"column":13},"end":{"line":28,"column":23}},"11":{"start":{"line":28,"column":13},"end":{"line":28,"column":null}}},"fnMap":{},"branchMap":{},"s":{"0":0,"1":0,"2":0,"3":0,"4":0,"5":0,"6":0,"7":0,"8":0,"9":0,"10":0,"11":0},"f":{},"b":{}}
,"/home/guilherme/Projetos/EzMotoFlow/api/src/auth/auth.service.ts": {"path":"/home/guilherme/Projetos/EzMotoFlow/api/src/auth/auth.service.ts","statementMap":{"0":{"start":{"line":1,"column":0},"end":{"line":1,"column":79}},"1":{"start":{"line":2,"column":0},"end":{"line":2,"column":58}},"2":{"start":{"line":3,"column":0},"end":{"line":3,"column":57}},"3":{"start":{"line":5,"column":0},"end":{"line":5,"column":44}},"4":{"start":{"line":8,"column":0},"end":{"line":8,"column":41}},"5":{"start":{"line":11,"column":7},"end":{"line":71,"column":null}},"6":{"start":{"line":13,"column":10},"end":{"line":13,"column":18}},"7":{"start":{"line":14,"column":19},"end":{"line":14,"column":35}},"8":{"start":{"line":17,"column":19},"end":{"line":17,"column":65}},"9":{"start":{"line":18,"column":19},"end":{"line":18,"column":31}},"10":{"start":{"line":22,"column":2},"end":{"line":69,"column":3}},"11":{"start":{"line":23,"column":20},"end":{"line":27,"column":5}},"12":{"start":{"line":29,"column":3},"end":{"line":30,"column":73}},"13":{"start":{"line":30,"column":4},"end":{"line":30,"column":73}},"14":{"start":{"line":32,"column":29},"end":{"line":34,"column":null}},"15":{"start":{"line":37,"column":3},"end":{"line":41,"column":6}},"16":{"start":{"line":38,"column":4},"end":{"line":41,"column":6}},"17":{"start":{"line":43,"column":17},"end":{"line":53,"column":null}},"18":{"start":{"line":56,"column":3},"end":{"line":61,"column":5}},"19":{"start":{"line":63,"column":3},"end":{"line":68,"column":5}},"20":{"start":{"line":11,"column":13},"end":{"line":11,"column":24}},"21":{"start":{"line":11,"column":13},"end":{"line":71,"column":null}}},"fnMap":{"0":{"name":"(anonymous_4)","decl":{"start":{"line":12,"column":1},"end":{"line":12,"column":null}},"loc":{"start":{"line":18,"column":41},"end":{"line":19,"column":5}}},"1":{"name":"(anonymous_5)","decl":{"start":{"line":21,"column":1},"end":{"line":21,"column":6}},"loc":{"start":{"line":21,"column":37},"end":{"line":70,"column":2}}}},"branchMap":{"0":{"loc":{"start":{"line":29,"column":3},"end":{"line":30,"column":73}},"type":"if","locations":[{"start":{"line":29,"column":3},"end":{"line":30,"column":73}}]},"1":{"loc":{"start":{"line":37,"column":3},"end":{"line":41,"column":6}},"type":"if","locations":[{"start":{"line":37,"column":3},"end":{"line":41,"column":6}}]},"2":{"loc":{"start":{"line":64,"column":4},"end":{"line":64,"column":49}},"type":"cond-expr","locations":[{"start":{"line":64,"column":20},"end":{"line":64,"column":33}},{"start":{"line":64,"column":36},"end":{"line":64,"column":49}}]},"3":{"loc":{"start":{"line":65,"column":4},"end":{"line":67,"column":39}},"type":"cond-expr","locations":[{"start":{"line":66,"column":7},"end":{"line":66,"column":24}},{"start":{"line":67,"column":7},"end":{"line":67,"column":39}}]}},"s":{"0":0,"1":0,"2":0,"3":0,"4":0,"5":0,"6":0,"7":0,"8":0,"9":0,"10":0,"11":0,"12":0,"13":0,"14":0,"15":0,"16":0,"17":0,"18":0,"19":0,"20":0,"21":0},"f":{"0":0,"1":0},"b":{"0":[0],"1":[0],"2":[0,0],"3":[0,0]}}
,"/home/guilherme/Projetos/EzMotoFlow/api/src/auth/commom/auth.constant.ts": {"path":"/home/guilherme/Projetos/EzMotoFlow/api/src/auth/commom/auth.constant.ts","statementMap":{"0":{"start":{"line":1,"column":13},"end":{"line":1,"column":37}}},"fnMap":{},"branchMap":{},"s":{"0":0},"f":{},"b":{}}
,"/home/guilherme/Projetos/EzMotoFlow/api/src/auth/config/jwt.config.ts": {"path":"/home/guilherme/Projetos/EzMotoFlow/api/src/auth/config/jwt.config.ts","statementMap":{"0":{"start":{"line":1,"column":0},"end":{"line":1,"column":44}},"1":{"start":{"line":3,"column":0},"end":{"line":10,"column":3}},"2":{"start":{"line":4,"column":1},"end":{"line":9,"column":3}}},"fnMap":{"0":{"name":"(anonymous_0)","decl":{"start":{"line":3,"column":33},"end":{"line":3,"column":36}},"loc":{"start":{"line":3,"column":38},"end":{"line":10,"column":1}}}},"branchMap":{},"s":{"0":0,"1":0,"2":0},"f":{"0":0},"b":{}}
,"/home/guilherme/Projetos/EzMotoFlow/api/src/auth/dto/login.dto.ts": {"path":"/home/guilherme/Projetos/EzMotoFlow/api/src/auth/dto/login.dto.ts","statementMap":{"0":{"start":{"line":1,"column":0},"end":{"line":1,"column":64}},"1":{"start":{"line":3,"column":0},"end":{"line":3,"column":13}},"2":{"start":{"line":6,"column":1},"end":{"line":6,"column":null}},"3":{"start":{"line":10,"column":1},"end":{"line":10,"column":null}}},"fnMap":{},"branchMap":{},"s":{"0":0,"1":0,"2":0,"3":0},"f":{},"b":{}}
,"/home/guilherme/Projetos/EzMotoFlow/api/src/auth/dto/payload.dto.ts": {"path":"/home/guilherme/Projetos/EzMotoFlow/api/src/auth/dto/payload.dto.ts","statementMap":{"0":{"start":{"line":1,"column":0},"end":{"line":1,"column":13}}},"fnMap":{},"branchMap":{},"s":{"0":0},"f":{},"b":{}}
,"/home/guilherme/Projetos/EzMotoFlow/api/src/auth/dto/response.dto.ts": {"path":"/home/guilherme/Projetos/EzMotoFlow/api/src/auth/dto/response.dto.ts","statementMap":{"0":{"start":{"line":1,"column":0},"end":{"line":1,"column":13}}},"fnMap":{},"branchMap":{},"s":{"0":0},"f":{},"b":{}}
,"/home/guilherme/Projetos/EzMotoFlow/api/src/auth/guard/auth-token.guard.ts": {"path":"/home/guilherme/Projetos/EzMotoFlow/api/src/auth/guard/auth-token.guard.ts","statementMap":{"0":{"start":{"line":1,"column":0},"end":{"line":1,"column":56}},"1":{"start":{"line":2,"column":0},"end":{"line":2,"column":45}},"2":{"start":{"line":4,"column":0},"end":{"line":4,"column":41}},"3":{"start":{"line":6,"column":0},"end":{"line":6,"column":null}},"4":{"start":{"line":16,"column":7},"end":{"line":53,"column":null}},"5":{"start":{"line":18,"column":19},"end":{"line":18,"column":31}},"6":{"start":{"line":21,"column":10},"end":{"line":21,"column":55}},"7":{"start":{"line":25,"column":18},"end":{"line":25,"column":53}},"8":{"start":{"line":26,"column":16},"end":{"line":26,"column":42}},"9":{"start":{"line":28,"column":2},"end":{"line":29,"column":72}},"10":{"start":{"line":29,"column":3},"end":{"line":29,"column":72}},"11":{"start":{"line":31,"column":2},"end":{"line":41,"column":3}},"12":{"start":{"line":32,"column":19},"end":{"line":32,"column":76}},"13":{"start":{"line":33,"column":3},"end":{"line":33,"column":36}},"14":{"start":{"line":35,"column":3},"end":{"line":40,"column":5}},"15":{"start":{"line":43,"column":2},"end":{"line":43,"column":14}},"16":{"start":{"line":47,"column":24},"end":{"line":47,"column":54}},"17":{"start":{"line":49,"column":2},"end":{"line":49,"column":29}},"18":{"start":{"line":49,"column":22},"end":{"line":49,"column":29}},"19":{"start":{"line":51,"column":2},"end":{"line":51,"column":37}},"20":{"start":{"line":16,"column":13},"end":{"line":16,"column":27}},"21":{"start":{"line":16,"column":13},"end":{"line":53,"column":null}}},"fnMap":{"0":{"name":"(anonymous_4)","decl":{"start":{"line":17,"column":1},"end":{"line":17,"column":null}},"loc":{"start":{"line":21,"column":55},"end":{"line":22,"column":5}}},"1":{"name":"(anonymous_5)","decl":{"start":{"line":24,"column":1},"end":{"line":24,"column":6}},"loc":{"start":{"line":24,"column":44},"end":{"line":44,"column":2}}},"2":{"name":"(anonymous_6)","decl":{"start":{"line":46,"column":1},"end":{"line":46,"column":13}},"loc":{"start":{"line":46,"column":30},"end":{"line":52,"column":2}}}},"branchMap":{"0":{"loc":{"start":{"line":28,"column":2},"end":{"line":29,"column":72}},"type":"if","locations":[{"start":{"line":28,"column":2},"end":{"line":29,"column":72}}]},"1":{"loc":{"start":{"line":37,"column":4},"end":{"line":39,"column":39}},"type":"cond-expr","locations":[{"start":{"line":38,"column":7},"end":{"line":38,"column":24}},{"start":{"line":39,"column":7},"end":{"line":39,"column":39}}]},"2":{"loc":{"start":{"line":49,"column":2},"end":{"line":49,"column":29}},"type":"if","locations":[{"start":{"line":49,"column":2},"end":{"line":49,"column":29}}]}},"s":{"0":0,"1":0,"2":0,"3":0,"4":0,"5":0,"6":0,"7":0,"8":0,"9":0,"10":0,"11":0,"12":0,"13":0,"14":0,"15":0,"16":0,"17":0,"18":0,"19":0,"20":0,"21":0},"f":{"0":0,"1":0,"2":0},"b":{"0":[0],"1":[0,0],"2":[0]}}
,"/home/guilherme/Projetos/EzMotoFlow/api/src/auth/hash/bcrypt.service.ts": {"path":"/home/guilherme/Projetos/EzMotoFlow/api/src/auth/hash/bcrypt.service.ts","statementMap":{"0":{"start":{"line":1,"column":0},"end":{"line":1,"column":52}},"1":{"start":{"line":2,"column":0},"end":{"line":2,"column":35}},"2":{"start":{"line":6,"column":15},"end":{"line":6,"column":37}},"3":{"start":{"line":7,"column":2},"end":{"line":7,"column":37}},"4":{"start":{"line":11,"column":2},"end":{"line":11,"column":48}},"5":{"start":{"line":4,"column":0},"end":{"line":4,"column":13}}},"fnMap":{"0":{"name":"(anonymous_0)","decl":{"start":{"line":5,"column":1},"end":{"line":5,"column":6}},"loc":{"start":{"line":5,"column":28},"end":{"line":8,"column":2}}},"1":{"name":"(anonymous_1)","decl":{"start":{"line":10,"column":1},"end":{"line":10,"column":8}},"loc":{"start":{"line":10,"column":47},"end":{"line":12,"column":2}}}},"branchMap":{},"s":{"0":0,"1":0,"2":0,"3":0,"4":0,"5":0},"f":{"0":0,"1":0},"b":{}}
,"/home/guilherme/Projetos/EzMotoFlow/api/src/auth/hash/hashing.service.ts": {"path":"/home/guilherme/Projetos/EzMotoFlow/api/src/auth/hash/hashing.service.ts","statementMap":{"0":{"start":{"line":1,"column":0},"end":{"line":1,"column":22}}},"fnMap":{},"branchMap":{},"s":{"0":0},"f":{},"b":{}}
,"/home/guilherme/Projetos/EzMotoFlow/api/src/auth/params/token-payload.param.ts": {"path":"/home/guilherme/Projetos/EzMotoFlow/api/src/auth/params/token-payload.param.ts","statementMap":{"0":{"start":{"line":1,"column":0},"end":{"line":1,"column":72}},"1":{"start":{"line":2,"column":0},"end":{"line":2,"column":56}},"2":{"start":{"line":4,"column":13},"end":{"line":10,"column":2}},"3":{"start":{"line":6,"column":14},"end":{"line":6,"column":36}},"4":{"start":{"line":7,"column":18},"end":{"line":7,"column":34}},"5":{"start":{"line":8,"column":2},"end":{"line":8,"column":32}}},"fnMap":{"0":{"name":"(anonymous_0)","decl":{"start":{"line":5,"column":1},"end":{"line":5,"column":2}},"loc":{"start":{"line":5,"column":46},"end":{"line":9,"column":2}}}},"branchMap":{},"s":{"0":0,"1":0,"2":0,"3":0,"4":0,"5":0},"f":{"0":0},"b":{}}
,"/home/guilherme/Projetos/EzMotoFlow/api/src/aws/aws-s3.module.ts": {"path":"/home/guilherme/Projetos/EzMotoFlow/api/src/aws/aws-s3.module.ts","statementMap":{"0":{"start":{"line":1,"column":0},"end":{"line":1,"column":48}},"1":{"start":{"line":2,"column":0},"end":{"line":2,"column":40}},"2":{"start":{"line":8,"column":7},"end":{"line":8,"column":null}},"3":{"start":{"line":8,"column":13},"end":{"line":8,"column":24}},"4":{"start":{"line":8,"column":13},"end":{"line":8,"column":null}}},"fnMap":{},"branchMap":{},"s":{"0":0,"1":0,"2":0,"3":0,"4":0},"f":{},"b":{}}
,"/home/guilherme/Projetos/EzMotoFlow/api/src/aws/aws-s3.service.ts": {"path":"/home/guilherme/Projetos/EzMotoFlow/api/src/aws/aws-s3.service.ts","statementMap":{"0":{"start":{"line":1,"column":0},"end":{"line":1,"column":47}},"1":{"start":{"line":2,"column":0},"end":{"line":2,"column":44}},"2":{"start":{"line":3,"column":0},"end":{"line":3,"column":null}},"3":{"start":{"line":10,"column":7},"end":{"line":92,"column":null}},"4":{"start":{"line":14,"column":21},"end":{"line":14,"column":36}},"5":{"start":{"line":15,"column":22},"end":{"line":15,"column":73}},"6":{"start":{"line":16,"column":26},"end":{"line":17,"column":null}},"7":{"start":{"line":19,"column":17},"end":{"line":19,"column":61}},"8":{"start":{"line":20,"column":17},"end":{"line":20,"column":64}},"9":{"start":{"line":22,"column":2},"end":{"line":24,"column":3}},"10":{"start":{"line":23,"column":3},"end":{"line":23,"column":62}},"11":{"start":{"line":26,"column":2},"end":{"line":32,"column":5}},"12":{"start":{"line":34,"column":2},"end":{"line":34,"column":23}},"13":{"start":{"line":38,"column":2},"end":{"line":76,"column":3}},"14":{"start":{"line":40,"column":19},"end":{"line":40,"column":65}},"15":{"start":{"line":41,"column":3},"end":{"line":41,"column":72}},"16":{"start":{"line":41,"column":17},"end":{"line":41,"column":72}},"17":{"start":{"line":43,"column":20},"end":{"line":43,"column":30}},"18":{"start":{"line":44,"column":22},"end":{"line":44,"column":32}},"19":{"start":{"line":47,"column":18},"end":{"line":47,"column":51}},"20":{"start":{"line":50,"column":19},"end":{"line":50,"column":41}},"21":{"start":{"line":52,"column":3},"end":{"line":54,"column":4}},"22":{"start":{"line":53,"column":4},"end":{"line":53,"column":40}},"23":{"start":{"line":57,"column":20},"end":{"line":57,"column":91}},"24":{"start":{"line":60,"column":19},"end":{"line":65,"column":5}},"25":{"start":{"line":68,"column":3},"end":{"line":68,"column":31}},"26":{"start":{"line":71,"column":3},"end":{"line":71,"column":90}},"27":{"start":{"line":74,"column":3},"end":{"line":74,"column":59}},"28":{"start":{"line":75,"column":3},"end":{"line":75,"column":48}},"29":{"start":{"line":80,"column":2},"end":{"line":90,"column":3}},"30":{"start":{"line":81,"column":20},"end":{"line":81,"column":44}},"31":{"start":{"line":82,"column":19},"end":{"line":85,"column":5}},"32":{"start":{"line":87,"column":3},"end":{"line":87,"column":31}},"33":{"start":{"line":89,"column":3},"end":{"line":89,"column":57}},"34":{"start":{"line":10,"column":13},"end":{"line":10,"column":25}},"35":{"start":{"line":10,"column":13},"end":{"line":92,"column":null}}},"fnMap":{"0":{"name":"(anonymous_2)","decl":{"start":{"line":14,"column":1},"end":{"line":14,"column":21}},"loc":{"start":{"line":14,"column":49},"end":{"line":35,"column":2}}},"1":{"name":"(anonymous_3)","decl":{"start":{"line":37,"column":1},"end":{"line":37,"column":6}},"loc":{"start":{"line":37,"column":39},"end":{"line":77,"column":2}}},"2":{"name":"(anonymous_4)","decl":{"start":{"line":79,"column":1},"end":{"line":79,"column":6}},"loc":{"start":{"line":79,"column":34},"end":{"line":91,"column":2}}}},"branchMap":{"0":{"loc":{"start":{"line":22,"column":2},"end":{"line":24,"column":3}},"type":"if","locations":[{"start":{"line":22,"column":2},"end":{"line":24,"column":3}}]},"1":{"loc":{"start":{"line":22,"column":6},"end":{"line":22,"column":60}},"type":"binary-expr","locations":[{"start":{"line":22,"column":6},"end":{"line":22,"column":18}},{"start":{"line":22,"column":22},"end":{"line":22,"column":38}},{"start":{"line":22,"column":42},"end":{"line":22,"column":49}},{"start":{"line":22,"column":53},"end":{"line":22,"column":60}}]},"2":{"loc":{"start":{"line":41,"column":3},"end":{"line":41,"column":72}},"type":"if","locations":[{"start":{"line":41,"column":3},"end":{"line":41,"column":72}}]},"3":{"loc":{"start":{"line":52,"column":3},"end":{"line":54,"column":4}},"type":"if","locations":[{"start":{"line":52,"column":3},"end":{"line":54,"column":4}}]}},"s":{"0":0,"1":0,"2":0,"3":0,"4":0,"5":0,"6":0,"7":0,"8":0,"9":0,"10":0,"11":0,"12":0,"13":0,"14":0,"15":0,"16":0,"17":0,"18":0,"19":0,"20":0,"21":0,"22":0,"23":0,"24":0,"25":0,"26":0,"27":0,"28":0,"29":0,"30":0,"31":0,"32":0,"33":0,"34":0,"35":0},"f":{"0":0,"1":0,"2":0},"b":{"0":[0],"1":[0,0,0,0],"2":[0],"3":[0]}}
,"/home/guilherme/Projetos/EzMotoFlow/api/src/clients/clients.controller.ts": {"path":"/home/guilherme/Projetos/EzMotoFlow/api/src/clients/clients.controller.ts","statementMap":{"0":{"start":{"line":1,"column":0},"end":{"line":1,"column":65}},"1":{"start":{"line":2,"column":0},"end":{"line":2,"column":60}},"2":{"start":{"line":3,"column":0},"end":{"line":3,"column":59}},"3":{"start":{"line":4,"column":0},"end":{"line":4,"column":51}},"4":{"start":{"line":5,"column":0},"end":{"line":5,"column":45}},"5":{"start":{"line":6,"column":0},"end":{"line":6,"column":null}},"6":{"start":{"line":12,"column":0},"end":{"line":12,"column":null}},"7":{"start":{"line":25,"column":7},"end":{"line":105,"column":null}},"8":{"start":{"line":26,"column":30},"end":{"line":26,"column":46}},"9":{"start":{"line":57,"column":2},"end":{"line":57,"column":44}},"10":{"start":{"line":70,"column":2},"end":{"line":70,"column":40}},"11":{"start":{"line":77,"column":2},"end":{"line":77,"column":45}},"12":{"start":{"line":90,"column":2},"end":{"line":90,"column":49}},"13":{"start":{"line":103,"column":2},"end":{"line":103,"column":43}},"14":{"start":{"line":25,"column":13},"end":{"line":25,"column":30}},"15":{"start":{"line":56,"column":1},"end":{"line":58,"column":null}},"16":{"start":{"line":69,"column":1},"end":{"line":71,"column":null}},"17":{"start":{"line":76,"column":1},"end":{"line":78,"column":null}},"18":{"start":{"line":89,"column":1},"end":{"line":91,"column":null}},"19":{"start":{"line":102,"column":1},"end":{"line":104,"column":null}},"20":{"start":{"line":25,"column":13},"end":{"line":105,"column":null}}},"fnMap":{"0":{"name":"(anonymous_4)","decl":{"start":{"line":26,"column":1},"end":{"line":26,"column":30}},"loc":{"start":{"line":26,"column":60},"end":{"line":26,"column":64}}},"1":{"name":"(anonymous_5)","decl":{"start":{"line":56,"column":1},"end":{"line":56,"column":18}},"loc":{"start":{"line":56,"column":45},"end":{"line":58,"column":2}}},"2":{"name":"(anonymous_6)","decl":{"start":{"line":69,"column":1},"end":{"line":69,"column":19}},"loc":{"start":{"line":69,"column":43},"end":{"line":71,"column":2}}},"3":{"name":"(anonymous_7)","decl":{"start":{"line":76,"column":1},"end":{"line":76,"column":17}},"loc":{"start":{"line":76,"column":47},"end":{"line":78,"column":2}}},"4":{"name":"(anonymous_8)","decl":{"start":{"line":89,"column":1},"end":{"line":89,"column":11}},"loc":{"start":{"line":89,"column":67},"end":{"line":91,"column":2}}},"5":{"name":"(anonymous_9)","decl":{"start":{"line":102,"column":1},"end":{"line":102,"column":11}},"loc":{"start":{"line":102,"column":35},"end":{"line":104,"column":2}}}},"branchMap":{},"s":{"0":0,"1":0,"2":0,"3":0,"4":0,"5":0,"6":0,"7":0,"8":0,"9":0,"10":0,"11":0,"12":0,"13":0,"14":0,"15":0,"16":0,"17":0,"18":0,"19":0,"20":0},"f":{"0":0,"1":0,"2":0,"3":0,"4":0,"5":0},"b":{}}
,"/home/guilherme/Projetos/EzMotoFlow/api/src/clients/clients.module.ts": {"path":"/home/guilherme/Projetos/EzMotoFlow/api/src/clients/clients.module.ts","statementMap":{"0":{"start":{"line":1,"column":0},"end":{"line":1,"column":57}},"1":{"start":{"line":2,"column":0},"end":{"line":2,"column":56}},"2":{"start":{"line":3,"column":0},"end":{"line":3,"column":51}},"3":{"start":{"line":4,"column":0},"end":{"line":4,"column":50}},"4":{"start":{"line":5,"column":0},"end":{"line":5,"column":40}},"5":{"start":{"line":12,"column":7},"end":{"line":12,"column":null}},"6":{"start":{"line":12,"column":13},"end":{"line":12,"column":26}},"7":{"start":{"line":12,"column":13},"end":{"line":12,"column":null}}},"fnMap":{},"branchMap":{},"s":{"0":0,"1":0,"2":0,"3":0,"4":0,"5":0,"6":0,"7":0},"f":{},"b":{}}
,"/home/guilherme/Projetos/EzMotoFlow/api/src/clients/clients.service.ts": {"path":"/home/guilherme/Projetos/EzMotoFlow/api/src/clients/clients.service.ts","statementMap":{"0":{"start":{"line":1,"column":0},"end":{"line":1,"column":71}},"1":{"start":{"line":4,"column":0},"end":{"line":4,"column":58}},"2":{"start":{"line":13,"column":7},"end":{"line":268,"column":null}},"3":{"start":{"line":14,"column":21},"end":{"line":14,"column":36}},"4":{"start":{"line":17,"column":2},"end":{"line":56,"column":3}},"5":{"start":{"line":18,"column":61},"end":{"line":18,"column":67}},"6":{"start":{"line":20,"column":19},"end":{"line":46,"column":5}},"7":{"start":{"line":48,"column":3},"end":{"line":48,"column":18}},"8":{"start":{"line":50,"column":3},"end":{"line":55,"column":5}},"9":{"start":{"line":60,"column":2},"end":{"line":94,"column":3}},"10":{"start":{"line":61,"column":19},"end":{"line":81,"column":5}},"11":{"start":{"line":83,"column":3},"end":{"line":84,"column":71}},"12":{"start":{"line":84,"column":4},"end":{"line":84,"column":71}},"13":{"start":{"line":86,"column":3},"end":{"line":86,"column":18}},"14":{"start":{"line":88,"column":3},"end":{"line":93,"column":5}},"15":{"start":{"line":98,"column":2},"end":{"line":162,"column":3}},"16":{"start":{"line":99,"column":30},"end":{"line":101,"column":5}},"17":{"start":{"line":103,"column":3},"end":{"line":107,"column":6}},"18":{"start":{"line":104,"column":4},"end":{"line":107,"column":6}},"19":{"start":{"line":109,"column":27},"end":{"line":111,"column":5}},"20":{"start":{"line":113,"column":3},"end":{"line":117,"column":6}},"21":{"start":{"line":114,"column":4},"end":{"line":117,"column":6}},"22":{"start":{"line":119,"column":22},"end":{"line":149,"column":5}},"23":{"start":{"line":151,"column":3},"end":{"line":151,"column":21}},"24":{"start":{"line":153,"column":3},"end":{"line":155,"column":4}},"25":{"start":{"line":154,"column":4},"end":{"line":154,"column":16}},"26":{"start":{"line":156,"column":3},"end":{"line":161,"column":5}},"27":{"start":{"line":169,"column":2},"end":{"line":238,"column":3}},"28":{"start":{"line":170,"column":3},"end":{"line":180,"column":4}},"29":{"start":{"line":171,"column":31},"end":{"line":173,"column":6}},"30":{"start":{"line":175,"column":4},"end":{"line":179,"column":7}},"31":{"start":{"line":176,"column":5},"end":{"line":179,"column":7}},"32":{"start":{"line":182,"column":3},"end":{"line":192,"column":4}},"33":{"start":{"line":183,"column":28},"end":{"line":185,"column":6}},"34":{"start":{"line":187,"column":4},"end":{"line":191,"column":7}},"35":{"start":{"line":188,"column":5},"end":{"line":191,"column":7}},"36":{"start":{"line":194,"column":22},"end":{"line":198,"column":5}},"37":{"start":{"line":200,"column":3},"end":{"line":201,"column":71}},"38":{"start":{"line":201,"column":4},"end":{"line":201,"column":71}},"39":{"start":{"line":203,"column":25},"end":{"line":225,"column":5}},"40":{"start":{"line":227,"column":3},"end":{"line":227,"column":24}},"41":{"start":{"line":229,"column":3},"end":{"line":231,"column":4}},"42":{"start":{"line":230,"column":4},"end":{"line":230,"column":16}},"43":{"start":{"line":232,"column":3},"end":{"line":237,"column":5}},"44":{"start":{"line":242,"column":2},"end":{"line":266,"column":3}},"45":{"start":{"line":243,"column":22},"end":{"line":247,"column":5}},"46":{"start":{"line":249,"column":3},"end":{"line":250,"column":70}},"47":{"start":{"line":250,"column":4},"end":{"line":250,"column":70}},"48":{"start":{"line":252,"column":3},"end":{"line":256,"column":6}},"49":{"start":{"line":258,"column":3},"end":{"line":258,"column":53}},"50":{"start":{"line":260,"column":3},"end":{"line":265,"column":5}},"51":{"start":{"line":13,"column":13},"end":{"line":13,"column":27}},"52":{"start":{"line":13,"column":13},"end":{"line":268,"column":null}}},"fnMap":{"0":{"name":"(anonymous_2)","decl":{"start":{"line":14,"column":1},"end":{"line":14,"column":21}},"loc":{"start":{"line":14,"column":49},"end":{"line":14,"column":53}}},"1":{"name":"(anonymous_3)","decl":{"start":{"line":16,"column":1},"end":{"line":16,"column":6}},"loc":{"start":{"line":16,"column":31},"end":{"line":57,"column":2}}},"2":{"name":"(anonymous_4)","decl":{"start":{"line":59,"column":1},"end":{"line":59,"column":6}},"loc":{"start":{"line":59,"column":24},"end":{"line":95,"column":2}}},"3":{"name":"(anonymous_5)","decl":{"start":{"line":97,"column":1},"end":{"line":97,"column":6}},"loc":{"start":{"line":97,"column":38},"end":{"line":163,"column":2}}},"4":{"name":"(anonymous_6)","decl":{"start":{"line":165,"column":1},"end":{"line":165,"column":6}},"loc":{"start":{"line":167,"column":24},"end":{"line":239,"column":2}}},"5":{"name":"(anonymous_7)","decl":{"start":{"line":241,"column":1},"end":{"line":241,"column":6}},"loc":{"start":{"line":241,"column":27},"end":{"line":267,"column":2}}}},"branchMap":{"0":{"loc":{"start":{"line":18,"column":11},"end":{"line":18,"column":20}},"type":"default-arg","locations":[{"start":{"line":18,"column":19},"end":{"line":18,"column":20}}]},"1":{"loc":{"start":{"line":18,"column":22},"end":{"line":18,"column":32}},"type":"default-arg","locations":[{"start":{"line":18,"column":31},"end":{"line":18,"column":32}}]},"2":{"loc":{"start":{"line":18,"column":34},"end":{"line":18,"column":45}},"type":"default-arg","locations":[{"start":{"line":18,"column":43},"end":{"line":18,"column":45}}]},"3":{"loc":{"start":{"line":18,"column":47},"end":{"line":18,"column":56}},"type":"default-arg","locations":[{"start":{"line":18,"column":54},"end":{"line":18,"column":56}}]},"4":{"loc":{"start":{"line":33,"column":9},"end":{"line":33,"column":29}},"type":"binary-expr","locations":[{"start":{"line":33,"column":9},"end":{"line":33,"column":15}},{"start":{"line":33,"column":19},"end":{"line":33,"column":29}}]},"5":{"loc":{"start":{"line":34,"column":9},"end":{"line":39,"column":7}},"type":"binary-expr","locations":[{"start":{"line":34,"column":9},"end":{"line":34,"column":13}},{"start":{"line":34,"column":17},"end":{"line":39,"column":7}}]},"6":{"loc":{"start":{"line":52,"column":4},"end":{"line":54,"column":39}},"type":"cond-expr","locations":[{"start":{"line":53,"column":7},"end":{"line":53,"column":24}},{"start":{"line":54,"column":7},"end":{"line":54,"column":39}}]},"7":{"loc":{"start":{"line":83,"column":3},"end":{"line":84,"column":71}},"type":"if","locations":[{"start":{"line":83,"column":3},"end":{"line":84,"column":71}}]},"8":{"loc":{"start":{"line":90,"column":4},"end":{"line":92,"column":39}},"type":"cond-expr","locations":[{"start":{"line":91,"column":7},"end":{"line":91,"column":24}},{"start":{"line":92,"column":7},"end":{"line":92,"column":39}}]},"9":{"loc":{"start":{"line":103,"column":3},"end":{"line":107,"column":6}},"type":"if","locations":[{"start":{"line":103,"column":3},"end":{"line":107,"column":6}}]},"10":{"loc":{"start":{"line":113,"column":3},"end":{"line":117,"column":6}},"type":"if","locations":[{"start":{"line":113,"column":3},"end":{"line":117,"column":6}}]},"11":{"loc":{"start":{"line":126,"column":21},"end":{"line":128,"column":12}},"type":"cond-expr","locations":[{"start":{"line":127,"column":8},"end":{"line":127,"column":37}},{"start":{"line":128,"column":8},"end":{"line":128,"column":12}}]},"12":{"loc":{"start":{"line":153,"column":3},"end":{"line":155,"column":4}},"type":"if","locations":[{"start":{"line":153,"column":3},"end":{"line":155,"column":4}}]},"13":{"loc":{"start":{"line":158,"column":4},"end":{"line":160,"column":39}},"type":"cond-expr","locations":[{"start":{"line":159,"column":7},"end":{"line":159,"column":24}},{"start":{"line":160,"column":7},"end":{"line":160,"column":39}}]},"14":{"loc":{"start":{"line":170,"column":3},"end":{"line":180,"column":4}},"type":"if","locations":[{"start":{"line":170,"column":3},"end":{"line":180,"column":4}}]},"15":{"loc":{"start":{"line":175,"column":4},"end":{"line":179,"column":7}},"type":"if","locations":[{"start":{"line":175,"column":4},"end":{"line":179,"column":7}}]},"16":{"loc":{"start":{"line":182,"column":3},"end":{"line":192,"column":4}},"type":"if","locations":[{"start":{"line":182,"column":3},"end":{"line":192,"column":4}}]},"17":{"loc":{"start":{"line":187,"column":4},"end":{"line":191,"column":7}},"type":"if","locations":[{"start":{"line":187,"column":4},"end":{"line":191,"column":7}}]},"18":{"loc":{"start":{"line":200,"column":3},"end":{"line":201,"column":71}},"type":"if","locations":[{"start":{"line":200,"column":3},"end":{"line":201,"column":71}}]},"19":{"loc":{"start":{"line":209,"column":21},"end":{"line":211,"column":17}},"type":"cond-expr","locations":[{"start":{"line":210,"column":8},"end":{"line":210,"column":37}},{"start":{"line":211,"column":8},"end":{"line":211,"column":17}}]},"20":{"loc":{"start":{"line":229,"column":3},"end":{"line":231,"column":4}},"type":"if","locations":[{"start":{"line":229,"column":3},"end":{"line":231,"column":4}}]},"21":{"loc":{"start":{"line":234,"column":4},"end":{"line":236,"column":39}},"type":"cond-expr","locations":[{"start":{"line":235,"column":7},"end":{"line":235,"column":24}},{"start":{"line":236,"column":7},"end":{"line":236,"column":39}}]},"22":{"loc":{"start":{"line":249,"column":3},"end":{"line":250,"column":70}},"type":"if","locations":[{"start":{"line":249,"column":3},"end":{"line":250,"column":70}}]},"23":{"loc":{"start":{"line":262,"column":4},"end":{"line":264,"column":39}},"type":"cond-expr","locations":[{"start":{"line":263,"column":7},"end":{"line":263,"column":24}},{"start":{"line":264,"column":7},"end":{"line":264,"column":39}}]}},"s":{"0":0,"1":0,"2":0,"3":0,"4":0,"5":0,"6":0,"7":0,"8":0,"9":0,"10":0,"11":0,"12":0,"13":0,"14":0,"15":0,"16":0,"17":0,"18":0,"19":0,"20":0,"21":0,"22":0,"23":0,"24":0,"25":0,"26":0,"27":0,"28":0,"29":0,"30":0,"31":0,"32":0,"33":0,"34":0,"35":0,"36":0,"37":0,"38":0,"39":0,"40":0,"41":0,"42":0,"43":0,"44":0,"45":0,"46":0,"47":0,"48":0,"49":0,"50":0,"51":0,"52":0},"f":{"0":0,"1":0,"2":0,"3":0,"4":0,"5":0},"b":{"0":[0],"1":[0],"2":[0],"3":[0],"4":[0,0],"5":[0,0],"6":[0,0],"7":[0],"8":[0,0],"9":[0],"10":[0],"11":[0,0],"12":[0],"13":[0,0],"14":[0],"15":[0],"16":[0],"17":[0],"18":[0],"19":[0,0],"20":[0],"21":[0,0],"22":[0],"23":[0,0]}}
,"/home/guilherme/Projetos/EzMotoFlow/api/src/clients/dto/create-clients.dto.ts": {"path":"/home/guilherme/Projetos/EzMotoFlow/api/src/clients/dto/create-clients.dto.ts","statementMap":{"0":{"start":{"line":1,"column":0},"end":{"line":1,"column":null}},"1":{"start":{"line":10,"column":0},"end":{"line":10,"column":null}},"2":{"start":{"line":11,"column":2},"end":{"line":11,"column":null}},"3":{"start":{"line":12,"column":2},"end":{"line":12,"column":null}},"4":{"start":{"line":15,"column":0},"end":{"line":15,"column":13}},"5":{"start":{"line":18,"column":11},"end":{"line":18,"column":null}},"6":{"start":{"line":22,"column":11},"end":{"line":22,"column":null}},"7":{"start":{"line":26,"column":11},"end":{"line":26,"column":null}},"8":{"start":{"line":30,"column":11},"end":{"line":30,"column":null}},"9":{"start":{"line":34,"column":11},"end":{"line":34,"column":null}},"10":{"start":{"line":38,"column":11},"end":{"line":38,"column":null}},"11":{"start":{"line":42,"column":11},"end":{"line":42,"column":null}},"12":{"start":{"line":46,"column":11},"end":{"line":46,"column":null}},"13":{"start":{"line":50,"column":11},"end":{"line":50,"column":null}},"14":{"start":{"line":54,"column":11},"end":{"line":54,"column":null}},"15":{"start":{"line":58,"column":11},"end":{"line":58,"column":null}},"16":{"start":{"line":62,"column":11},"end":{"line":62,"column":null}},"17":{"start":{"line":66,"column":11},"end":{"line":66,"column":null}},"18":{"start":{"line":70,"column":11},"end":{"line":70,"column":null}}},"fnMap":{"0":{"name":"(anonymous_2)","decl":{"start":{"line":10,"column":0},"end":{"line":10,"column":12}},"loc":{"start":{"line":10,"column":23},"end":{"line":13,"column":1}}}},"branchMap":{"0":{"loc":{"start":{"line":10,"column":12},"end":{"line":10,"column":null}},"type":"binary-expr","locations":[{"start":{"line":10,"column":12},"end":{"line":10,"column":23}},{"start":{"line":10,"column":23},"end":{"line":10,"column":null}}]}},"s":{"0":0,"1":0,"2":0,"3":0,"4":0,"5":0,"6":0,"7":0,"8":0,"9":0,"10":0,"11":0,"12":0,"13":0,"14":0,"15":0,"16":0,"17":0,"18":0},"f":{"0":0},"b":{"0":[0,0]}}
,"/home/guilherme/Projetos/EzMotoFlow/api/src/clients/dto/filter.dto.ts": {"path":"/home/guilherme/Projetos/EzMotoFlow/api/src/clients/dto/filter.dto.ts","statementMap":{"0":{"start":{"line":1,"column":0},"end":{"line":1,"column":62}},"1":{"start":{"line":2,"column":0},"end":{"line":2,"column":61}},"2":{"start":{"line":4,"column":0},"end":{"line":4,"column":13}},"3":{"start":{"line":7,"column":2},"end":{"line":7,"column":null}},"4":{"start":{"line":11,"column":2},"end":{"line":11,"column":null}}},"fnMap":{},"branchMap":{},"s":{"0":0,"1":0,"2":0,"3":0,"4":0},"f":{},"b":{}}
,"/home/guilherme/Projetos/EzMotoFlow/api/src/clients/dto/response.dto.ts": {"path":"/home/guilherme/Projetos/EzMotoFlow/api/src/clients/dto/response.dto.ts","statementMap":{"0":{"start":{"line":1,"column":0},"end":{"line":1,"column":13}},"1":{"start":{"line":13,"column":0},"end":{"line":13,"column":13}},"2":{"start":{"line":32,"column":0},"end":{"line":32,"column":13}}},"fnMap":{},"branchMap":{},"s":{"0":0,"1":0,"2":0},"f":{},"b":{}}
,"/home/guilherme/Projetos/EzMotoFlow/api/src/clients/dto/update-clients.dto.ts": {"path":"/home/guilherme/Projetos/EzMotoFlow/api/src/clients/dto/update-clients.dto.ts","statementMap":{"0":{"start":{"line":1,"column":0},"end":{"line":1,"column":55}},"1":{"start":{"line":2,"column":0},"end":{"line":2,"column":46}},"2":{"start":{"line":4,"column":0},"end":{"line":4,"column":13}}},"fnMap":{},"branchMap":{},"s":{"0":0,"1":0,"2":0},"f":{},"b":{}}
,"/home/guilherme/Projetos/EzMotoFlow/api/src/commom/dto/pagination.dto.ts": {"path":"/home/guilherme/Projetos/EzMotoFlow/api/src/commom/dto/pagination.dto.ts","statementMap":{"0":{"start":{"line":1,"column":0},"end":{"line":1,"column":62}},"1":{"start":{"line":2,"column":0},"end":{"line":2,"column":41}},"2":{"start":{"line":4,"column":0},"end":{"line":4,"column":13}},"3":{"start":{"line":10,"column":1},"end":{"line":10,"column":null}},"4":{"start":{"line":9,"column":13},"end":{"line":9,"column":19}},"5":{"start":{"line":17,"column":1},"end":{"line":17,"column":null}},"6":{"start":{"line":16,"column":13},"end":{"line":16,"column":19}}},"fnMap":{"0":{"name":"(anonymous_2)","decl":{"start":{"line":9,"column":7},"end":{"line":9,"column":10}},"loc":{"start":{"line":9,"column":13},"end":{"line":9,"column":19}}},"1":{"name":"(anonymous_3)","decl":{"start":{"line":16,"column":7},"end":{"line":16,"column":10}},"loc":{"start":{"line":16,"column":13},"end":{"line":16,"column":19}}}},"branchMap":{},"s":{"0":0,"1":0,"2":0,"3":0,"4":0,"5":0,"6":0},"f":{"0":0,"1":0},"b":{}}
,"/home/guilherme/Projetos/EzMotoFlow/api/src/commom/filters/exception-filter.ts": {"path":"/home/guilherme/Projetos/EzMotoFlow/api/src/commom/filters/exception-filter.ts","statementMap":{"0":{"start":{"line":5,"column":14},"end":{"line":5,"column":33}},"1":{"start":{"line":6,"column":19},"end":{"line":6,"column":36}},"2":{"start":{"line":7,"column":18},"end":{"line":7,"column":34}},"3":{"start":{"line":8,"column":17},"end":{"line":8,"column":40}},"4":{"start":{"line":10,"column":2},"end":{"line":19,"column":5}},"5":{"start":{"line":3,"column":0},"end":{"line":3,"column":13}}},"fnMap":{"0":{"name":"(anonymous_0)","decl":{"start":{"line":4,"column":1},"end":{"line":4,"column":6}},"loc":{"start":{"line":4,"column":42},"end":{"line":20,"column":2}}}},"branchMap":{"0":{"loc":{"start":{"line":8,"column":17},"end":{"line":8,"column":40}},"type":"binary-expr","locations":[{"start":{"line":8,"column":17},"end":{"line":8,"column":33}},{"start":{"line":8,"column":37},"end":{"line":8,"column":40}}]},"1":{"loc":{"start":{"line":16,"column":4},"end":{"line":18,"column":39}},"type":"cond-expr","locations":[{"start":{"line":17,"column":7},"end":{"line":17,"column":24}},{"start":{"line":18,"column":7},"end":{"line":18,"column":39}}]}},"s":{"0":0,"1":0,"2":0,"3":0,"4":0,"5":0},"f":{"0":0},"b":{"0":[0,0],"1":[0,0]}}
,"/home/guilherme/Projetos/EzMotoFlow/api/src/commom/interceptors/logger.interceptor.ts": {"path":"/home/guilherme/Projetos/EzMotoFlow/api/src/commom/interceptors/logger.interceptor.ts","statementMap":{"0":{"start":{"line":1,"column":0},"end":{"line":1,"column":37}},"1":{"start":{"line":3,"column":0},"end":{"line":3,"column":null}},"2":{"start":{"line":11,"column":7},"end":{"line":24,"column":null}},"3":{"start":{"line":16,"column":14},"end":{"line":16,"column":24}},"4":{"start":{"line":18,"column":2},"end":{"line":22,"column":4}},"5":{"start":{"line":20,"column":4},"end":{"line":20,"column":41}},"6":{"start":{"line":11,"column":13},"end":{"line":11,"column":30}},"7":{"start":{"line":11,"column":13},"end":{"line":24,"column":null}}},"fnMap":{"0":{"name":"(anonymous_1)","decl":{"start":{"line":12,"column":1},"end":{"line":12,"column":10}},"loc":{"start":{"line":14,"column":24},"end":{"line":23,"column":2}}},"1":{"name":"(anonymous_2)","decl":{"start":{"line":19,"column":7},"end":{"line":19,"column":10}},"loc":{"start":{"line":19,"column":12},"end":{"line":21,"column":4}}}},"branchMap":{},"s":{"0":0,"1":0,"2":0,"3":0,"4":0,"5":0,"6":0,"7":0},"f":{"0":0,"1":0},"b":{}}
,"/home/guilherme/Projetos/EzMotoFlow/api/src/contract/contract.controller.ts": {"path":"/home/guilherme/Projetos/EzMotoFlow/api/src/contract/contract.controller.ts","statementMap":{"0":{"start":{"line":1,"column":0},"end":{"line":1,"column":72}},"1":{"start":{"line":2,"column":0},"end":{"line":2,"column":65}},"2":{"start":{"line":3,"column":0},"end":{"line":3,"column":62}},"3":{"start":{"line":4,"column":0},"end":{"line":4,"column":53}},"4":{"start":{"line":5,"column":0},"end":{"line":5,"column":45}},"5":{"start":{"line":6,"column":0},"end":{"line":6,"column":null}},"6":{"start":{"line":17,"column":7},"end":{"line":116,"column":null}},"7":{"start":{"line":18,"column":30},"end":{"line":18,"column":48}},"8":{"start":{"line":80,"column":2},"end":{"line":80,"column":46}},"9":{"start":{"line":93,"column":2},"end":{"line":93,"column":42}},"10":{"start":{"line":101,"column":2},"end":{"line":101,"column":47}},"11":{"start":{"line":114,"column":2},"end":{"line":114,"column":45}},"12":{"start":{"line":17,"column":13},"end":{"line":17,"column":31}},"13":{"start":{"line":79,"column":1},"end":{"line":81,"column":null}},"14":{"start":{"line":92,"column":1},"end":{"line":94,"column":null}},"15":{"start":{"line":100,"column":1},"end":{"line":102,"column":null}},"16":{"start":{"line":113,"column":1},"end":{"line":115,"column":null}},"17":{"start":{"line":17,"column":13},"end":{"line":116,"column":null}}},"fnMap":{"0":{"name":"(anonymous_4)","decl":{"start":{"line":18,"column":1},"end":{"line":18,"column":30}},"loc":{"start":{"line":18,"column":63},"end":{"line":18,"column":67}}},"1":{"name":"(anonymous_5)","decl":{"start":{"line":79,"column":1},"end":{"line":79,"column":18}},"loc":{"start":{"line":79,"column":45},"end":{"line":81,"column":2}}},"2":{"name":"(anonymous_6)","decl":{"start":{"line":92,"column":1},"end":{"line":92,"column":19}},"loc":{"start":{"line":92,"column":43},"end":{"line":94,"column":2}}},"3":{"name":"(anonymous_7)","decl":{"start":{"line":100,"column":1},"end":{"line":100,"column":15}},"loc":{"start":{"line":100,"column":47},"end":{"line":102,"column":2}}},"4":{"name":"(anonymous_8)","decl":{"start":{"line":113,"column":1},"end":{"line":113,"column":15}},"loc":{"start":{"line":113,"column":39},"end":{"line":115,"column":2}}}},"branchMap":{},"s":{"0":0,"1":0,"2":0,"3":0,"4":0,"5":0,"6":0,"7":0,"8":0,"9":0,"10":0,"11":0,"12":0,"13":0,"14":0,"15":0,"16":0,"17":0},"f":{"0":0,"1":0,"2":0,"3":0,"4":0},"b":{}}
,"/home/guilherme/Projetos/EzMotoFlow/api/src/contract/contract.module.ts": {"path":"/home/guilherme/Projetos/EzMotoFlow/api/src/contract/contract.module.ts","statementMap":{"0":{"start":{"line":1,"column":0},"end":{"line":1,"column":59}},"1":{"start":{"line":2,"column":0},"end":{"line":2,"column":56}},"2":{"start":{"line":3,"column":0},"end":{"line":3,"column":53}},"3":{"start":{"line":4,"column":0},"end":{"line":4,"column":50}},"4":{"start":{"line":5,"column":0},"end":{"line":5,"column":40}},"5":{"start":{"line":12,"column":7},"end":{"line":12,"column":null}},"6":{"start":{"line":12,"column":13},"end":{"line":12,"column":27}},"7":{"start":{"line":12,"column":13},"end":{"line":12,"column":null}}},"fnMap":{},"branchMap":{},"s":{"0":0,"1":0,"2":0,"3":0,"4":0,"5":0,"6":0,"7":0},"f":{},"b":{}}
,"/home/guilherme/Projetos/EzMotoFlow/api/src/contract/contract.service.ts": {"path":"/home/guilherme/Projetos/EzMotoFlow/api/src/contract/contract.service.ts","statementMap":{"0":{"start":{"line":1,"column":0},"end":{"line":1,"column":71}},"1":{"start":{"line":3,"column":0},"end":{"line":3,"column":58}},"2":{"start":{"line":11,"column":7},"end":{"line":292,"column":null}},"3":{"start":{"line":12,"column":21},"end":{"line":12,"column":36}},"4":{"start":{"line":15,"column":2},"end":{"line":129,"column":3}},"5":{"start":{"line":26,"column":7},"end":{"line":26,"column":13}},"6":{"start":{"line":28,"column":21},"end":{"line":119,"column":5}},"7":{"start":{"line":121,"column":3},"end":{"line":121,"column":20}},"8":{"start":{"line":123,"column":3},"end":{"line":128,"column":5}},"9":{"start":{"line":133,"column":2},"end":{"line":180,"column":3}},"10":{"start":{"line":134,"column":20},"end":{"line":166,"column":5}},"11":{"start":{"line":168,"column":3},"end":{"line":170,"column":4}},"12":{"start":{"line":169,"column":4},"end":{"line":169,"column":72}},"13":{"start":{"line":172,"column":3},"end":{"line":172,"column":19}},"14":{"start":{"line":174,"column":3},"end":{"line":179,"column":5}},"15":{"start":{"line":184,"column":2},"end":{"line":261,"column":3}},"16":{"start":{"line":185,"column":30},"end":{"line":190,"column":5}},"17":{"start":{"line":192,"column":3},"end":{"line":196,"column":6}},"18":{"start":{"line":193,"column":4},"end":{"line":196,"column":6}},"19":{"start":{"line":198,"column":26},"end":{"line":200,"column":5}},"20":{"start":{"line":202,"column":3},"end":{"line":203,"column":74}},"21":{"start":{"line":203,"column":4},"end":{"line":203,"column":74}},"22":{"start":{"line":205,"column":22},"end":{"line":207,"column":5}},"23":{"start":{"line":209,"column":3},"end":{"line":210,"column":70}},"24":{"start":{"line":210,"column":4},"end":{"line":210,"column":70}},"25":{"start":{"line":212,"column":23},"end":{"line":251,"column":5}},"26":{"start":{"line":253,"column":3},"end":{"line":253,"column":22}},"27":{"start":{"line":255,"column":3},"end":{"line":260,"column":5}},"28":{"start":{"line":265,"column":2},"end":{"line":290,"column":3}},"29":{"start":{"line":266,"column":24},"end":{"line":270,"column":5}},"30":{"start":{"line":272,"column":3},"end":{"line":274,"column":4}},"31":{"start":{"line":273,"column":4},"end":{"line":273,"column":72}},"32":{"start":{"line":276,"column":3},"end":{"line":280,"column":6}},"33":{"start":{"line":282,"column":3},"end":{"line":282,"column":55}},"34":{"start":{"line":284,"column":3},"end":{"line":289,"column":5}},"35":{"start":{"line":11,"column":13},"end":{"line":11,"column":28}},"36":{"start":{"line":11,"column":13},"end":{"line":292,"column":null}}},"fnMap":{"0":{"name":"(anonymous_2)","decl":{"start":{"line":12,"column":1},"end":{"line":12,"column":21}},"loc":{"start":{"line":12,"column":49},"end":{"line":12,"column":53}}},"1":{"name":"(anonymous_3)","decl":{"start":{"line":14,"column":1},"end":{"line":14,"column":6}},"loc":{"start":{"line":14,"column":31},"end":{"line":130,"column":2}}},"2":{"name":"(anonymous_4)","decl":{"start":{"line":132,"column":1},"end":{"line":132,"column":6}},"loc":{"start":{"line":132,"column":24},"end":{"line":181,"column":2}}},"3":{"name":"(anonymous_5)","decl":{"start":{"line":183,"column":1},"end":{"line":183,"column":6}},"loc":{"start":{"line":183,"column":40},"end":{"line":262,"column":2}}},"4":{"name":"(anonymous_6)","decl":{"start":{"line":264,"column":1},"end":{"line":264,"column":6}},"loc":{"start":{"line":264,"column":27},"end":{"line":291,"column":2}}}},"branchMap":{"0":{"loc":{"start":{"line":17,"column":4},"end":{"line":17,"column":13}},"type":"default-arg","locations":[{"start":{"line":17,"column":12},"end":{"line":17,"column":13}}]},"1":{"loc":{"start":{"line":18,"column":4},"end":{"line":18,"column":14}},"type":"default-arg","locations":[{"start":{"line":18,"column":13},"end":{"line":18,"column":14}}]},"2":{"loc":{"start":{"line":60,"column":9},"end":{"line":60,"column":29}},"type":"binary-expr","locations":[{"start":{"line":60,"column":9},"end":{"line":60,"column":15}},{"start":{"line":60,"column":19},"end":{"line":60,"column":29}}]},"3":{"loc":{"start":{"line":61,"column":9},"end":{"line":68,"column":7}},"type":"binary-expr","locations":[{"start":{"line":61,"column":9},"end":{"line":61,"column":20}},{"start":{"line":61,"column":24},"end":{"line":68,"column":7}}]},"4":{"loc":{"start":{"line":69,"column":9},"end":{"line":76,"column":7}},"type":"binary-expr","locations":[{"start":{"line":69,"column":9},"end":{"line":69,"column":25}},{"start":{"line":69,"column":29},"end":{"line":76,"column":7}}]},"5":{"loc":{"start":{"line":77,"column":9},"end":{"line":84,"column":7}},"type":"binary-expr","locations":[{"start":{"line":77,"column":9},"end":{"line":77,"column":14}},{"start":{"line":77,"column":18},"end":{"line":84,"column":7}}]},"6":{"loc":{"start":{"line":85,"column":9},"end":{"line":92,"column":7}},"type":"binary-expr","locations":[{"start":{"line":85,"column":9},"end":{"line":85,"column":16}},{"start":{"line":85,"column":20},"end":{"line":92,"column":7}}]},"7":{"loc":{"start":{"line":93,"column":9},"end":{"line":112,"column":12}},"type":"cond-expr","locations":[{"start":{"line":94,"column":8},"end":{"line":99,"column":null}},{"start":{"line":100,"column":8},"end":{"line":112,"column":12}}]},"8":{"loc":{"start":{"line":93,"column":9},"end":{"line":93,"column":58}},"type":"binary-expr","locations":[{"start":{"line":93,"column":9},"end":{"line":93,"column":33}},{"start":{"line":93,"column":37},"end":{"line":93,"column":58}}]},"9":{"loc":{"start":{"line":100,"column":8},"end":{"line":112,"column":12}},"type":"cond-expr","locations":[{"start":{"line":101,"column":9},"end":{"line":105,"column":null}},{"start":{"line":106,"column":9},"end":{"line":112,"column":12}}]},"10":{"loc":{"start":{"line":106,"column":9},"end":{"line":112,"column":12}},"type":"cond-expr","locations":[{"start":{"line":107,"column":10},"end":{"line":111,"column":null}},{"start":{"line":112,"column":10},"end":{"line":112,"column":12}}]},"11":{"loc":{"start":{"line":125,"column":4},"end":{"line":127,"column":39}},"type":"cond-expr","locations":[{"start":{"line":126,"column":7},"end":{"line":126,"column":24}},{"start":{"line":127,"column":7},"end":{"line":127,"column":39}}]},"12":{"loc":{"start":{"line":168,"column":3},"end":{"line":170,"column":4}},"type":"if","locations":[{"start":{"line":168,"column":3},"end":{"line":170,"column":4}}]},"13":{"loc":{"start":{"line":176,"column":4},"end":{"line":178,"column":39}},"type":"cond-expr","locations":[{"start":{"line":177,"column":7},"end":{"line":177,"column":24}},{"start":{"line":178,"column":7},"end":{"line":178,"column":39}}]},"14":{"loc":{"start":{"line":192,"column":3},"end":{"line":196,"column":6}},"type":"if","locations":[{"start":{"line":192,"column":3},"end":{"line":196,"column":6}}]},"15":{"loc":{"start":{"line":202,"column":3},"end":{"line":203,"column":74}},"type":"if","locations":[{"start":{"line":202,"column":3},"end":{"line":203,"column":74}}]},"16":{"loc":{"start":{"line":209,"column":3},"end":{"line":210,"column":70}},"type":"if","locations":[{"start":{"line":209,"column":3},"end":{"line":210,"column":70}}]},"17":{"loc":{"start":{"line":257,"column":4},"end":{"line":259,"column":39}},"type":"cond-expr","locations":[{"start":{"line":258,"column":7},"end":{"line":258,"column":24}},{"start":{"line":259,"column":7},"end":{"line":259,"column":39}}]},"18":{"loc":{"start":{"line":272,"column":3},"end":{"line":274,"column":4}},"type":"if","locations":[{"start":{"line":272,"column":3},"end":{"line":274,"column":4}}]},"19":{"loc":{"start":{"line":286,"column":4},"end":{"line":288,"column":39}},"type":"cond-expr","locations":[{"start":{"line":287,"column":7},"end":{"line":287,"column":24}},{"start":{"line":288,"column":7},"end":{"line":288,"column":39}}]}},"s":{"0":0,"1":0,"2":0,"3":0,"4":0,"5":0,"6":0,"7":0,"8":0,"9":0,"10":0,"11":0,"12":0,"13":0,"14":0,"15":0,"16":0,"17":0,"18":0,"19":0,"20":0,"21":0,"22":0,"23":0,"24":0,"25":0,"26":0,"27":0,"28":0,"29":0,"30":0,"31":0,"32":0,"33":0,"34":0,"35":0,"36":0},"f":{"0":0,"1":0,"2":0,"3":0,"4":0},"b":{"0":[0],"1":[0],"2":[0,0],"3":[0,0],"4":[0,0],"5":[0,0],"6":[0,0],"7":[0,0],"8":[0,0],"9":[0,0],"10":[0,0],"11":[0,0],"12":[0],"13":[0,0],"14":[0],"15":[0],"16":[0],"17":[0,0],"18":[0],"19":[0,0]}}
,"/home/guilherme/Projetos/EzMotoFlow/api/src/contract/dto/create-contract.dto.ts": {"path":"/home/guilherme/Projetos/EzMotoFlow/api/src/contract/dto/create-contract.dto.ts","statementMap":{"0":{"start":{"line":1,"column":0},"end":{"line":1,"column":75}},"1":{"start":{"line":3,"column":0},"end":{"line":3,"column":null}},"2":{"start":{"line":4,"column":1},"end":{"line":4,"column":null}},"3":{"start":{"line":5,"column":1},"end":{"line":5,"column":null}},"4":{"start":{"line":6,"column":1},"end":{"line":6,"column":null}},"5":{"start":{"line":9,"column":0},"end":{"line":9,"column":13}},"6":{"start":{"line":12,"column":10},"end":{"line":12,"column":null}},"7":{"start":{"line":16,"column":10},"end":{"line":16,"column":null}},"8":{"start":{"line":20,"column":10},"end":{"line":20,"column":null}},"9":{"start":{"line":24,"column":10},"end":{"line":24,"column":null}},"10":{"start":{"line":28,"column":10},"end":{"line":28,"column":null}}},"fnMap":{"0":{"name":"(anonymous_2)","decl":{"start":{"line":3,"column":0},"end":{"line":3,"column":12}},"loc":{"start":{"line":3,"column":21},"end":{"line":7,"column":1}}}},"branchMap":{"0":{"loc":{"start":{"line":3,"column":12},"end":{"line":3,"column":null}},"type":"binary-expr","locations":[{"start":{"line":3,"column":12},"end":{"line":3,"column":21}},{"start":{"line":3,"column":21},"end":{"line":3,"column":null}}]}},"s":{"0":0,"1":0,"2":0,"3":0,"4":0,"5":0,"6":0,"7":0,"8":0,"9":0,"10":0},"f":{"0":0},"b":{"0":[0,0]}}
,"/home/guilherme/Projetos/EzMotoFlow/api/src/contract/dto/filter.dto.ts": {"path":"/home/guilherme/Projetos/EzMotoFlow/api/src/contract/dto/filter.dto.ts","statementMap":{"0":{"start":{"line":1,"column":0},"end":{"line":1,"column":71}},"1":{"start":{"line":2,"column":0},"end":{"line":2,"column":62}},"2":{"start":{"line":3,"column":0},"end":{"line":3,"column":41}},"3":{"start":{"line":5,"column":0},"end":{"line":5,"column":13}},"4":{"start":{"line":8,"column":1},"end":{"line":8,"column":null}},"5":{"start":{"line":12,"column":1},"end":{"line":12,"column":null}},"6":{"start":{"line":16,"column":1},"end":{"line":16,"column":null}},"7":{"start":{"line":20,"column":1},"end":{"line":20,"column":null}},"8":{"start":{"line":24,"column":1},"end":{"line":24,"column":null}},"9":{"start":{"line":29,"column":1},"end":{"line":29,"column":null}},"10":{"start":{"line":27,"column":13},"end":{"line":27,"column":19}},"11":{"start":{"line":34,"column":1},"end":{"line":34,"column":null}},"12":{"start":{"line":32,"column":13},"end":{"line":32,"column":19}}},"fnMap":{"0":{"name":"(anonymous_2)","decl":{"start":{"line":27,"column":7},"end":{"line":27,"column":10}},"loc":{"start":{"line":27,"column":13},"end":{"line":27,"column":19}}},"1":{"name":"(anonymous_3)","decl":{"start":{"line":32,"column":7},"end":{"line":32,"column":10}},"loc":{"start":{"line":32,"column":13},"end":{"line":32,"column":19}}}},"branchMap":{},"s":{"0":0,"1":0,"2":0,"3":0,"4":0,"5":0,"6":0,"7":0,"8":0,"9":0,"10":0,"11":0,"12":0},"f":{"0":0,"1":0},"b":{}}
,"/home/guilherme/Projetos/EzMotoFlow/api/src/contract/dto/response.dto.ts": {"path":"/home/guilherme/Projetos/EzMotoFlow/api/src/contract/dto/response.dto.ts","statementMap":{"0":{"start":{"line":1,"column":0},"end":{"line":1,"column":13}},"1":{"start":{"line":28,"column":0},"end":{"line":28,"column":13}}},"fnMap":{},"branchMap":{},"s":{"0":0,"1":0},"f":{},"b":{}}
,"/home/guilherme/Projetos/EzMotoFlow/api/src/motorcycle/motorcycle.controller.ts": {"path":"/home/guilherme/Projetos/EzMotoFlow/api/src/motorcycle/motorcycle.controller.ts","statementMap":{"0":{"start":{"line":1,"column":0},"end":{"line":1,"column":66}},"1":{"start":{"line":2,"column":0},"end":{"line":2,"column":66}},"2":{"start":{"line":3,"column":0},"end":{"line":3,"column":65}},"3":{"start":{"line":4,"column":0},"end":{"line":4,"column":57}},"4":{"start":{"line":5,"column":0},"end":{"line":5,"column":45}},"5":{"start":{"line":6,"column":0},"end":{"line":6,"column":null}},"6":{"start":{"line":17,"column":0},"end":{"line":17,"column":null}},"7":{"start":{"line":25,"column":7},"end":{"line":123,"column":null}},"8":{"start":{"line":26,"column":30},"end":{"line":26,"column":49}},"9":{"start":{"line":75,"column":2},"end":{"line":75,"column":47}},"10":{"start":{"line":88,"column":2},"end":{"line":88,"column":43}},"11":{"start":{"line":95,"column":2},"end":{"line":95,"column":48}},"12":{"start":{"line":108,"column":2},"end":{"line":108,"column":52}},"13":{"start":{"line":121,"column":2},"end":{"line":121,"column":46}},"14":{"start":{"line":25,"column":13},"end":{"line":25,"column":33}},"15":{"start":{"line":74,"column":1},"end":{"line":76,"column":null}},"16":{"start":{"line":87,"column":1},"end":{"line":89,"column":null}},"17":{"start":{"line":94,"column":1},"end":{"line":96,"column":null}},"18":{"start":{"line":107,"column":1},"end":{"line":109,"column":null}},"19":{"start":{"line":120,"column":1},"end":{"line":122,"column":null}},"20":{"start":{"line":25,"column":13},"end":{"line":123,"column":null}}},"fnMap":{"0":{"name":"(anonymous_4)","decl":{"start":{"line":26,"column":1},"end":{"line":26,"column":30}},"loc":{"start":{"line":26,"column":66},"end":{"line":26,"column":70}}},"1":{"name":"(anonymous_5)","decl":{"start":{"line":74,"column":1},"end":{"line":74,"column":18}},"loc":{"start":{"line":74,"column":45},"end":{"line":76,"column":2}}},"2":{"name":"(anonymous_6)","decl":{"start":{"line":87,"column":1},"end":{"line":87,"column":19}},"loc":{"start":{"line":87,"column":43},"end":{"line":89,"column":2}}},"3":{"name":"(anonymous_7)","decl":{"start":{"line":94,"column":1},"end":{"line":94,"column":17}},"loc":{"start":{"line":94,"column":51},"end":{"line":96,"column":2}}},"4":{"name":"(anonymous_8)","decl":{"start":{"line":107,"column":1},"end":{"line":107,"column":11}},"loc":{"start":{"line":107,"column":70},"end":{"line":109,"column":2}}},"5":{"name":"(anonymous_9)","decl":{"start":{"line":120,"column":1},"end":{"line":120,"column":11}},"loc":{"start":{"line":120,"column":35},"end":{"line":122,"column":2}}}},"branchMap":{},"s":{"0":0,"1":0,"2":0,"3":0,"4":0,"5":0,"6":0,"7":0,"8":0,"9":0,"10":0,"11":0,"12":0,"13":0,"14":0,"15":0,"16":0,"17":0,"18":0,"19":0,"20":0},"f":{"0":0,"1":0,"2":0,"3":0,"4":0,"5":0},"b":{}}
,"/home/guilherme/Projetos/EzMotoFlow/api/src/motorcycle/motorcycle.module.ts": {"path":"/home/guilherme/Projetos/EzMotoFlow/api/src/motorcycle/motorcycle.module.ts","statementMap":{"0":{"start":{"line":1,"column":0},"end":{"line":1,"column":63}},"1":{"start":{"line":2,"column":0},"end":{"line":2,"column":57}},"2":{"start":{"line":3,"column":0},"end":{"line":3,"column":56}},"3":{"start":{"line":4,"column":0},"end":{"line":4,"column":52}},"4":{"start":{"line":5,"column":0},"end":{"line":5,"column":50}},"5":{"start":{"line":6,"column":0},"end":{"line":6,"column":40}},"6":{"start":{"line":13,"column":7},"end":{"line":13,"column":null}},"7":{"start":{"line":13,"column":13},"end":{"line":13,"column":29}},"8":{"start":{"line":13,"column":13},"end":{"line":13,"column":null}}},"fnMap":{},"branchMap":{},"s":{"0":0,"1":0,"2":0,"3":0,"4":0,"5":0,"6":0,"7":0,"8":0},"f":{},"b":{}}
,"/home/guilherme/Projetos/EzMotoFlow/api/src/motorcycle/motorcycle.service.ts": {"path":"/home/guilherme/Projetos/EzMotoFlow/api/src/motorcycle/motorcycle.service.ts","statementMap":{"0":{"start":{"line":1,"column":0},"end":{"line":1,"column":71}},"1":{"start":{"line":4,"column":0},"end":{"line":4,"column":58}},"2":{"start":{"line":5,"column":0},"end":{"line":5,"column":54}},"3":{"start":{"line":13,"column":7},"end":{"line":452,"column":null}},"4":{"start":{"line":15,"column":10},"end":{"line":15,"column":25}},"5":{"start":{"line":16,"column":10},"end":{"line":16,"column":21}},"6":{"start":{"line":20,"column":2},"end":{"line":99,"column":3}},"7":{"start":{"line":29,"column":7},"end":{"line":29,"column":13}},"8":{"start":{"line":31,"column":23},"end":{"line":89,"column":5}},"9":{"start":{"line":91,"column":3},"end":{"line":91,"column":22}},"10":{"start":{"line":93,"column":3},"end":{"line":98,"column":5}},"11":{"start":{"line":103,"column":2},"end":{"line":139,"column":3}},"12":{"start":{"line":104,"column":22},"end":{"line":126,"column":5}},"13":{"start":{"line":128,"column":3},"end":{"line":129,"column":74}},"14":{"start":{"line":129,"column":4},"end":{"line":129,"column":74}},"15":{"start":{"line":131,"column":3},"end":{"line":131,"column":21}},"16":{"start":{"line":133,"column":3},"end":{"line":138,"column":5}},"17":{"start":{"line":145,"column":2},"end":{"line":238,"column":3}},"18":{"start":{"line":146,"column":17},"end":{"line":146,"column":53}},"19":{"start":{"line":148,"column":27},"end":{"line":150,"column":5}},"20":{"start":{"line":152,"column":3},"end":{"line":156,"column":6}},"21":{"start":{"line":153,"column":4},"end":{"line":156,"column":6}},"22":{"start":{"line":158,"column":28},"end":{"line":160,"column":5}},"23":{"start":{"line":162,"column":3},"end":{"line":166,"column":6}},"24":{"start":{"line":163,"column":4},"end":{"line":166,"column":6}},"25":{"start":{"line":168,"column":29},"end":{"line":170,"column":5}},"26":{"start":{"line":172,"column":3},"end":{"line":176,"column":6}},"27":{"start":{"line":173,"column":4},"end":{"line":176,"column":6}},"28":{"start":{"line":178,"column":20},"end":{"line":183,"column":null}},"29":{"start":{"line":180,"column":5},"end":{"line":182,"column":29}},"30":{"start":{"line":186,"column":42},"end":{"line":186,"column":50}},"31":{"start":{"line":188,"column":25},"end":{"line":225,"column":5}},"32":{"start":{"line":227,"column":3},"end":{"line":227,"column":24}},"33":{"start":{"line":229,"column":3},"end":{"line":231,"column":4}},"34":{"start":{"line":230,"column":4},"end":{"line":230,"column":16}},"35":{"start":{"line":232,"column":3},"end":{"line":237,"column":5}},"36":{"start":{"line":245,"column":2},"end":{"line":408,"column":3}},"37":{"start":{"line":246,"column":3},"end":{"line":260,"column":4}},"38":{"start":{"line":247,"column":28},"end":{"line":252,"column":6}},"39":{"start":{"line":254,"column":4},"end":{"line":259,"column":5}},"40":{"start":{"line":255,"column":5},"end":{"line":258,"column":7}},"41":{"start":{"line":262,"column":3},"end":{"line":276,"column":4}},"42":{"start":{"line":263,"column":29},"end":{"line":268,"column":6}},"43":{"start":{"line":270,"column":4},"end":{"line":275,"column":5}},"44":{"start":{"line":271,"column":5},"end":{"line":274,"column":7}},"45":{"start":{"line":278,"column":3},"end":{"line":294,"column":4}},"46":{"start":{"line":279,"column":30},"end":{"line":285,"column":null}},"47":{"start":{"line":288,"column":4},"end":{"line":293,"column":5}},"48":{"start":{"line":289,"column":5},"end":{"line":292,"column":7}},"49":{"start":{"line":296,"column":26},"end":{"line":300,"column":5}},"50":{"start":{"line":302,"column":3},"end":{"line":303,"column":74}},"51":{"start":{"line":303,"column":4},"end":{"line":303,"column":74}},"52":{"start":{"line":306,"column":15},"end":{"line":306,"column":35}},"53":{"start":{"line":307,"column":3},"end":{"line":323,"column":4}},"54":{"start":{"line":308,"column":4},"end":{"line":322,"column":5}},"55":{"start":{"line":313,"column":5},"end":{"line":315,"column":6}},"56":{"start":{"line":314,"column":6},"end":{"line":314,"column":46}},"57":{"start":{"line":316,"column":5},"end":{"line":316,"column":64}},"58":{"start":{"line":317,"column":11},"end":{"line":322,"column":5}},"59":{"start":{"line":321,"column":5},"end":{"line":321,"column":24}},"60":{"start":{"line":326,"column":15},"end":{"line":326,"column":35}},"61":{"start":{"line":327,"column":3},"end":{"line":342,"column":4}},"62":{"start":{"line":328,"column":4},"end":{"line":341,"column":5}},"63":{"start":{"line":333,"column":5},"end":{"line":335,"column":6}},"64":{"start":{"line":334,"column":6},"end":{"line":334,"column":46}},"65":{"start":{"line":336,"column":5},"end":{"line":336,"column":64}},"66":{"start":{"line":337,"column":11},"end":{"line":341,"column":5}},"67":{"start":{"line":340,"column":5},"end":{"line":340,"column":24}},"68":{"start":{"line":345,"column":15},"end":{"line":345,"column":35}},"69":{"start":{"line":346,"column":3},"end":{"line":361,"column":4}},"70":{"start":{"line":347,"column":4},"end":{"line":360,"column":5}},"71":{"start":{"line":352,"column":5},"end":{"line":354,"column":6}},"72":{"start":{"line":353,"column":6},"end":{"line":353,"column":46}},"73":{"start":{"line":355,"column":5},"end":{"line":355,"column":64}},"74":{"start":{"line":356,"column":11},"end":{"line":360,"column":5}},"75":{"start":{"line":359,"column":5},"end":{"line":359,"column":24}},"76":{"start":{"line":363,"column":22},"end":{"line":395,"column":5}},"77":{"start":{"line":397,"column":3},"end":{"line":397,"column":21}},"78":{"start":{"line":399,"column":3},"end":{"line":401,"column":4}},"79":{"start":{"line":400,"column":4},"end":{"line":400,"column":16}},"80":{"start":{"line":402,"column":3},"end":{"line":407,"column":5}},"81":{"start":{"line":412,"column":2},"end":{"line":450,"column":3}},"82":{"start":{"line":413,"column":26},"end":{"line":417,"column":5}},"83":{"start":{"line":419,"column":3},"end":{"line":420,"column":74}},"84":{"start":{"line":420,"column":4},"end":{"line":420,"column":74}},"85":{"start":{"line":422,"column":17},"end":{"line":426,"column":5}},"86":{"start":{"line":428,"column":3},"end":{"line":434,"column":5}},"87":{"start":{"line":430,"column":5},"end":{"line":432,"column":25}},"88":{"start":{"line":436,"column":3},"end":{"line":440,"column":6}},"89":{"start":{"line":442,"column":3},"end":{"line":442,"column":57}},"90":{"start":{"line":444,"column":3},"end":{"line":449,"column":5}},"91":{"start":{"line":13,"column":13},"end":{"line":13,"column":30}},"92":{"start":{"line":13,"column":13},"end":{"line":452,"column":null}}},"fnMap":{"0":{"name":"(anonymous_2)","decl":{"start":{"line":14,"column":1},"end":{"line":14,"column":null}},"loc":{"start":{"line":16,"column":33},"end":{"line":17,"column":5}}},"1":{"name":"(anonymous_3)","decl":{"start":{"line":19,"column":1},"end":{"line":19,"column":6}},"loc":{"start":{"line":19,"column":31},"end":{"line":100,"column":2}}},"2":{"name":"(anonymous_4)","decl":{"start":{"line":102,"column":1},"end":{"line":102,"column":6}},"loc":{"start":{"line":102,"column":24},"end":{"line":140,"column":2}}},"3":{"name":"(anonymous_5)","decl":{"start":{"line":142,"column":1},"end":{"line":142,"column":6}},"loc":{"start":{"line":143,"column":27},"end":{"line":239,"column":2}}},"4":{"name":"(anonymous_6)","decl":{"start":{"line":179,"column":14},"end":{"line":179,"column":15}},"loc":{"start":{"line":180,"column":5},"end":{"line":182,"column":29}}},"5":{"name":"(anonymous_7)","decl":{"start":{"line":241,"column":1},"end":{"line":241,"column":6}},"loc":{"start":{"line":243,"column":27},"end":{"line":409,"column":2}}},"6":{"name":"(anonymous_8)","decl":{"start":{"line":411,"column":1},"end":{"line":411,"column":6}},"loc":{"start":{"line":411,"column":27},"end":{"line":451,"column":2}}},"7":{"name":"(anonymous_9)","decl":{"start":{"line":429,"column":14},"end":{"line":429,"column":15}},"loc":{"start":{"line":430,"column":5},"end":{"line":432,"column":25}}}},"branchMap":{"0":{"loc":{"start":{"line":22,"column":4},"end":{"line":22,"column":13}},"type":"default-arg","locations":[{"start":{"line":22,"column":12},"end":{"line":22,"column":13}}]},"1":{"loc":{"start":{"line":23,"column":4},"end":{"line":23,"column":14}},"type":"default-arg","locations":[{"start":{"line":23,"column":13},"end":{"line":23,"column":14}}]},"2":{"loc":{"start":{"line":24,"column":4},"end":{"line":24,"column":15}},"type":"default-arg","locations":[{"start":{"line":24,"column":13},"end":{"line":24,"column":15}}]},"3":{"loc":{"start":{"line":25,"column":4},"end":{"line":25,"column":14}},"type":"default-arg","locations":[{"start":{"line":25,"column":12},"end":{"line":25,"column":14}}]},"4":{"loc":{"start":{"line":26,"column":4},"end":{"line":26,"column":13}},"type":"default-arg","locations":[{"start":{"line":26,"column":11},"end":{"line":26,"column":13}}]},"5":{"loc":{"start":{"line":50,"column":9},"end":{"line":50,"column":29}},"type":"binary-expr","locations":[{"start":{"line":50,"column":9},"end":{"line":50,"column":15}},{"start":{"line":50,"column":19},"end":{"line":50,"column":29}}]},"6":{"loc":{"start":{"line":51,"column":9},"end":{"line":56,"column":7}},"type":"binary-expr","locations":[{"start":{"line":51,"column":9},"end":{"line":51,"column":14}},{"start":{"line":51,"column":18},"end":{"line":56,"column":7}}]},"7":{"loc":{"start":{"line":57,"column":9},"end":{"line":62,"column":7}},"type":"binary-expr","locations":[{"start":{"line":57,"column":9},"end":{"line":57,"column":13}},{"start":{"line":57,"column":17},"end":{"line":62,"column":7}}]},"8":{"loc":{"start":{"line":63,"column":9},"end":{"line":82,"column":12}},"type":"cond-expr","locations":[{"start":{"line":64,"column":8},"end":{"line":69,"column":null}},{"start":{"line":70,"column":8},"end":{"line":82,"column":12}}]},"9":{"loc":{"start":{"line":63,"column":9},"end":{"line":63,"column":53}},"type":"binary-expr","locations":[{"start":{"line":63,"column":9},"end":{"line":63,"column":29}},{"start":{"line":63,"column":33},"end":{"line":63,"column":53}}]},"10":{"loc":{"start":{"line":70,"column":8},"end":{"line":82,"column":12}},"type":"cond-expr","locations":[{"start":{"line":71,"column":9},"end":{"line":75,"column":null}},{"start":{"line":76,"column":9},"end":{"line":82,"column":12}}]},"11":{"loc":{"start":{"line":76,"column":9},"end":{"line":82,"column":12}},"type":"cond-expr","locations":[{"start":{"line":77,"column":10},"end":{"line":81,"column":null}},{"start":{"line":82,"column":10},"end":{"line":82,"column":12}}]},"12":{"loc":{"start":{"line":95,"column":4},"end":{"line":97,"column":39}},"type":"cond-expr","locations":[{"start":{"line":96,"column":7},"end":{"line":96,"column":24}},{"start":{"line":97,"column":7},"end":{"line":97,"column":39}}]},"13":{"loc":{"start":{"line":128,"column":3},"end":{"line":129,"column":74}},"type":"if","locations":[{"start":{"line":128,"column":3},"end":{"line":129,"column":74}}]},"14":{"loc":{"start":{"line":135,"column":4},"end":{"line":137,"column":39}},"type":"cond-expr","locations":[{"start":{"line":136,"column":7},"end":{"line":136,"column":24}},{"start":{"line":137,"column":7},"end":{"line":137,"column":39}}]},"15":{"loc":{"start":{"line":152,"column":3},"end":{"line":156,"column":6}},"type":"if","locations":[{"start":{"line":152,"column":3},"end":{"line":156,"column":6}}]},"16":{"loc":{"start":{"line":162,"column":3},"end":{"line":166,"column":6}},"type":"if","locations":[{"start":{"line":162,"column":3},"end":{"line":166,"column":6}}]},"17":{"loc":{"start":{"line":172,"column":3},"end":{"line":176,"column":6}},"type":"if","locations":[{"start":{"line":172,"column":3},"end":{"line":176,"column":6}}]},"18":{"loc":{"start":{"line":180,"column":5},"end":{"line":182,"column":29}},"type":"cond-expr","locations":[{"start":{"line":181,"column":8},"end":{"line":181,"column":46}},{"start":{"line":182,"column":8},"end":{"line":182,"column":29}}]},"19":{"loc":{"start":{"line":180,"column":5},"end":{"line":180,"column":24}},"type":"binary-expr","locations":[{"start":{"line":180,"column":5},"end":{"line":180,"column":9}},{"start":{"line":180,"column":13},"end":{"line":180,"column":24}}]},"20":{"loc":{"start":{"line":229,"column":3},"end":{"line":231,"column":4}},"type":"if","locations":[{"start":{"line":229,"column":3},"end":{"line":231,"column":4}}]},"21":{"loc":{"start":{"line":234,"column":4},"end":{"line":236,"column":39}},"type":"cond-expr","locations":[{"start":{"line":235,"column":7},"end":{"line":235,"column":24}},{"start":{"line":236,"column":7},"end":{"line":236,"column":39}}]},"22":{"loc":{"start":{"line":246,"column":3},"end":{"line":260,"column":4}},"type":"if","locations":[{"start":{"line":246,"column":3},"end":{"line":260,"column":4}}]},"23":{"loc":{"start":{"line":254,"column":4},"end":{"line":259,"column":5}},"type":"if","locations":[{"start":{"line":254,"column":4},"end":{"line":259,"column":5}}]},"24":{"loc":{"start":{"line":262,"column":3},"end":{"line":276,"column":4}},"type":"if","locations":[{"start":{"line":262,"column":3},"end":{"line":276,"column":4}}]},"25":{"loc":{"start":{"line":270,"column":4},"end":{"line":275,"column":5}},"type":"if","locations":[{"start":{"line":270,"column":4},"end":{"line":275,"column":5}}]},"26":{"loc":{"start":{"line":278,"column":3},"end":{"line":294,"column":4}},"type":"if","locations":[{"start":{"line":278,"column":3},"end":{"line":294,"column":4}}]},"27":{"loc":{"start":{"line":288,"column":4},"end":{"line":293,"column":5}},"type":"if","locations":[{"start":{"line":288,"column":4},"end":{"line":293,"column":5}}]},"28":{"loc":{"start":{"line":302,"column":3},"end":{"line":303,"column":74}},"type":"if","locations":[{"start":{"line":302,"column":3},"end":{"line":303,"column":74}}]},"29":{"loc":{"start":{"line":307,"column":3},"end":{"line":323,"column":4}},"type":"if","locations":[{"start":{"line":307,"column":3},"end":{"line":323,"column":4}}]},"30":{"loc":{"start":{"line":308,"column":4},"end":{"line":322,"column":5}},"type":"if","locations":[{"start":{"line":308,"column":4},"end":{"line":322,"column":5}},{"start":{"line":317,"column":11},"end":{"line":322,"column":5}}]},"31":{"loc":{"start":{"line":309,"column":5},"end":{"line":311,"column":39}},"type":"binary-expr","locations":[{"start":{"line":309,"column":5},"end":{"line":309,"column":15}},{"start":{"line":310,"column":5},"end":{"line":310,"column":22}},{"start":{"line":311,"column":5},"end":{"line":311,"column":39}}]},"32":{"loc":{"start":{"line":313,"column":5},"end":{"line":315,"column":6}},"type":"if","locations":[{"start":{"line":313,"column":5},"end":{"line":315,"column":6}}]},"33":{"loc":{"start":{"line":317,"column":11},"end":{"line":322,"column":5}},"type":"if","locations":[{"start":{"line":317,"column":11},"end":{"line":322,"column":5}},{"start":{"line":319,"column":11},"end":{"line":322,"column":5}}]},"34":{"loc":{"start":{"line":317,"column":15},"end":{"line":317,"column":55}},"type":"binary-expr","locations":[{"start":{"line":317,"column":15},"end":{"line":317,"column":34}},{"start":{"line":317,"column":38},"end":{"line":317,"column":55}}]},"35":{"loc":{"start":{"line":327,"column":3},"end":{"line":342,"column":4}},"type":"if","locations":[{"start":{"line":327,"column":3},"end":{"line":342,"column":4}}]},"36":{"loc":{"start":{"line":328,"column":4},"end":{"line":341,"column":5}},"type":"if","locations":[{"start":{"line":328,"column":4},"end":{"line":341,"column":5}},{"start":{"line":337,"column":11},"end":{"line":341,"column":5}}]},"37":{"loc":{"start":{"line":329,"column":5},"end":{"line":331,"column":39}},"type":"binary-expr","locations":[{"start":{"line":329,"column":5},"end":{"line":329,"column":15}},{"start":{"line":330,"column":5},"end":{"line":330,"column":22}},{"start":{"line":331,"column":5},"end":{"line":331,"column":39}}]},"38":{"loc":{"start":{"line":333,"column":5},"end":{"line":335,"column":6}},"type":"if","locations":[{"start":{"line":333,"column":5},"end":{"line":335,"column":6}}]},"39":{"loc":{"start":{"line":337,"column":11},"end":{"line":341,"column":5}},"type":"if","locations":[{"start":{"line":337,"column":11},"end":{"line":341,"column":5}},{"start":{"line":339,"column":11},"end":{"line":341,"column":5}}]},"40":{"loc":{"start":{"line":337,"column":15},"end":{"line":337,"column":55}},"type":"binary-expr","locations":[{"start":{"line":337,"column":15},"end":{"line":337,"column":34}},{"start":{"line":337,"column":38},"end":{"line":337,"column":55}}]},"41":{"loc":{"start":{"line":346,"column":3},"end":{"line":361,"column":4}},"type":"if","locations":[{"start":{"line":346,"column":3},"end":{"line":361,"column":4}}]},"42":{"loc":{"start":{"line":347,"column":4},"end":{"line":360,"column":5}},"type":"if","locations":[{"start":{"line":347,"column":4},"end":{"line":360,"column":5}},{"start":{"line":356,"column":11},"end":{"line":360,"column":5}}]},"43":{"loc":{"start":{"line":348,"column":5},"end":{"line":350,"column":39}},"type":"binary-expr","locations":[{"start":{"line":348,"column":5},"end":{"line":348,"column":15}},{"start":{"line":349,"column":5},"end":{"line":349,"column":22}},{"start":{"line":350,"column":5},"end":{"line":350,"column":39}}]},"44":{"loc":{"start":{"line":352,"column":5},"end":{"line":354,"column":6}},"type":"if","locations":[{"start":{"line":352,"column":5},"end":{"line":354,"column":6}}]},"45":{"loc":{"start":{"line":356,"column":11},"end":{"line":360,"column":5}},"type":"if","locations":[{"start":{"line":356,"column":11},"end":{"line":360,"column":5}},{"start":{"line":358,"column":11},"end":{"line":360,"column":5}}]},"46":{"loc":{"start":{"line":356,"column":15},"end":{"line":356,"column":55}},"type":"binary-expr","locations":[{"start":{"line":356,"column":15},"end":{"line":356,"column":34}},{"start":{"line":356,"column":38},"end":{"line":356,"column":55}}]},"47":{"loc":{"start":{"line":369,"column":10},"end":{"line":369,"column":51}},"type":"cond-expr","locations":[{"start":{"line":369,"column":21},"end":{"line":369,"column":39}},{"start":{"line":369,"column":42},"end":{"line":369,"column":51}}]},"48":{"loc":{"start":{"line":399,"column":3},"end":{"line":401,"column":4}},"type":"if","locations":[{"start":{"line":399,"column":3},"end":{"line":401,"column":4}}]},"49":{"loc":{"start":{"line":404,"column":4},"end":{"line":406,"column":39}},"type":"cond-expr","locations":[{"start":{"line":405,"column":7},"end":{"line":405,"column":24}},{"start":{"line":406,"column":7},"end":{"line":406,"column":39}}]},"50":{"loc":{"start":{"line":419,"c
[...]
,"/home/guilherme/Projetos/EzMotoFlow/api/src/motorcycle/dto/create-motorcycle.dto.ts": {"path":"/home/guilherme/Projetos/EzMotoFlow/api/src/motorcycle/dto/create-motorcycle.dto.ts","statementMap":{"0":{"start":{"line":1,"column":0},"end":{"line":1,"column":null}},"1":{"start":{"line":10,"column":0},"end":{"line":10,"column":13}},"2":{"start":{"line":13,"column":10},"end":{"line":13,"column":null}},"3":{"start":{"line":17,"column":10},"end":{"line":17,"column":null}},"4":{"start":{"line":22,"column":10},"end":{"line":22,"column":null}},"5":{"start":{"line":26,"column":10},"end":{"line":26,"column":null}},"6":{"start":{"line":31,"column":10},"end":{"line":31,"column":null}},"7":{"start":{"line":36,"column":10},"end":{"line":36,"column":null}},"8":{"start":{"line":40,"column":10},"end":{"line":40,"column":null}},"9":{"start":{"line":44,"column":10},"end":{"line":44,"column":null}},"10":{"start":{"line":48,"column":10},"end":{"line":48,"column":null}},"11":{"start":{"line":52,"column":10},"end":{"line":52,"column":null}},"12":{"start":{"line":56,"column":10},"end":{"line":56,"column":null}},"13":{"start":{"line":60,"column":10},"end":{"line":60,"column":null}},"14":{"start":{"line":64,"column":10},"end":{"line":64,"column":null}},"15":{"start":{"line":68,"column":10},"end":{"line":68,"column":null}}},"fnMap":{},"branchMap":{},"s":{"0":0,"1":0,"2":0,"3":0,"4":0,"5":0,"6":0,"7":0,"8":0,"9":0,"10":0,"11":0,"12":0,"13":0,"14":0,"15":0},"f":{},"b":{}}
,"/home/guilherme/Projetos/EzMotoFlow/api/src/motorcycle/dto/filter.dto.ts": {"path":"/home/guilherme/Projetos/EzMotoFlow/api/src/motorcycle/dto/filter.dto.ts","statementMap":{"0":{"start":{"line":1,"column":0},"end":{"line":1,"column":71}},"1":{"start":{"line":2,"column":0},"end":{"line":2,"column":62}},"2":{"start":{"line":3,"column":0},"end":{"line":3,"column":41}},"3":{"start":{"line":5,"column":0},"end":{"line":5,"column":13}},"4":{"start":{"line":8,"column":1},"end":{"line":8,"column":null}},"5":{"start":{"line":12,"column":1},"end":{"line":12,"column":null}},"6":{"start":{"line":16,"column":1},"end":{"line":16,"column":null}},"7":{"start":{"line":21,"column":1},"end":{"line":21,"column":null}},"8":{"start":{"line":19,"column":13},"end":{"line":19,"column":19}},"9":{"start":{"line":26,"column":1},"end":{"line":26,"column":null}},"10":{"start":{"line":24,"column":13},"end":{"line":24,"column":19}}},"fnMap":{"0":{"name":"(anonymous_2)","decl":{"start":{"line":19,"column":7},"end":{"line":19,"column":10}},"loc":{"start":{"line":19,"column":13},"end":{"line":19,"column":19}}},"1":{"name":"(anonymous_3)","decl":{"start":{"line":24,"column":7},"end":{"line":24,"column":10}},"loc":{"start":{"line":24,"column":13},"end":{"line":24,"column":19}}}},"branchMap":{},"s":{"0":0,"1":0,"2":0,"3":0,"4":0,"5":0,"6":0,"7":0,"8":0,"9":0,"10":0},"f":{"0":0,"1":0},"b":{}}
,"/home/guilherme/Projetos/EzMotoFlow/api/src/motorcycle/dto/response.dto.ts": {"path":"/home/guilherme/Projetos/EzMotoFlow/api/src/motorcycle/dto/response.dto.ts","statementMap":{"0":{"start":{"line":1,"column":0},"end":{"line":1,"column":13}},"1":{"start":{"line":18,"column":0},"end":{"line":18,"column":13}}},"fnMap":{},"branchMap":{},"s":{"0":0,"1":0},"f":{},"b":{}}
,"/home/guilherme/Projetos/EzMotoFlow/api/src/motorcycle/dto/update-motorcycle.dto.ts": {"path":"/home/guilherme/Projetos/EzMotoFlow/api/src/motorcycle/dto/update-motorcycle.dto.ts","statementMap":{"0":{"start":{"line":1,"column":0},"end":{"line":1,"column":62}},"1":{"start":{"line":2,"column":0},"end":{"line":2,"column":46}},"2":{"start":{"line":4,"column":0},"end":{"line":4,"column":13}}},"fnMap":{},"branchMap":{},"s":{"0":0,"1":0,"2":0},"f":{},"b":{}}
,"/home/guilherme/Projetos/EzMotoFlow/api/src/prisma/prisma.module.ts": {"path":"/home/guilherme/Projetos/EzMotoFlow/api/src/prisma/prisma.module.ts","statementMap":{"0":{"start":{"line":1,"column":0},"end":{"line":1,"column":49}},"1":{"start":{"line":2,"column":0},"end":{"line":2,"column":40}},"2":{"start":{"line":8,"column":7},"end":{"line":8,"column":null}},"3":{"start":{"line":8,"column":13},"end":{"line":8,"column":25}},"4":{"start":{"line":8,"column":13},"end":{"line":8,"column":null}}},"fnMap":{},"branchMap":{},"s":{"0":0,"1":0,"2":0,"3":0,"4":0},"f":{},"b":{}}
,"/home/guilherme/Projetos/EzMotoFlow/api/src/prisma/prisma.service.ts": {"path":"/home/guilherme/Projetos/EzMotoFlow/api/src/prisma/prisma.service.ts","statementMap":{"0":{"start":{"line":1,"column":0},"end":{"line":1,"column":75}},"1":{"start":{"line":2,"column":0},"end":{"line":2,"column":46}},"2":{"start":{"line":5,"column":7},"end":{"line":16,"column":null}},"3":{"start":{"line":10,"column":2},"end":{"line":10,"column":24}},"4":{"start":{"line":14,"column":2},"end":{"line":14,"column":27}},"5":{"start":{"line":5,"column":13},"end":{"line":5,"column":26}},"6":{"start":{"line":5,"column":13},"end":{"line":16,"column":null}}},"fnMap":{"0":{"name":"(anonymous_1)","decl":{"start":{"line":9,"column":1},"end":{"line":9,"column":6}},"loc":{"start":{"line":9,"column":19},"end":{"line":11,"column":2}}},"1":{"name":"(anonymous_2)","decl":{"start":{"line":13,"column":1},"end":{"line":13,"column":6}},"loc":{"start":{"line":13,"column":22},"end":{"line":15,"column":2}}}},"branchMap":{},"s":{"0":0,"1":0,"2":0,"3":0,"4":0,"5":0,"6":0},"f":{"0":0,"1":0},"b":{}}
,"/home/guilherme/Projetos/EzMotoFlow/api/src/users/users.controller.ts": {"path":"/home/guilherme/Projetos/EzMotoFlow/api/src/users/users.controller.ts","statementMap":{"0":{"start":{"line":1,"column":0},"end":{"line":1,"column":67}},"1":{"start":{"line":2,"column":0},"end":{"line":2,"column":65}},"2":{"start":{"line":3,"column":0},"end":{"line":3,"column":62}},"3":{"start":{"line":4,"column":0},"end":{"line":4,"column":54}},"4":{"start":{"line":5,"column":0},"end":{"line":5,"column":54}},"5":{"start":{"line":6,"column":0},"end":{"line":6,"column":54}},"6":{"start":{"line":7,"column":0},"end":{"line":7,"column":47}},"7":{"start":{"line":8,"column":0},"end":{"line":8,"column":null}},"8":{"start":{"line":19,"column":7},"end":{"line":92,"column":null}},"9":{"start":{"line":20,"column":30},"end":{"line":20,"column":43}},"10":{"start":{"line":27,"column":2},"end":{"line":27,"column":48}},"11":{"start":{"line":35,"column":2},"end":{"line":35,"column":39}},"12":{"start":{"line":46,"column":2},"end":{"line":46,"column":53}},"13":{"start":{"line":54,"column":2},"end":{"line":54,"column":47}},"14":{"start":{"line":19,"column":13},"end":{"line":19,"column":28}},"15":{"start":{"line":26,"column":1},"end":{"line":28,"column":null}},"16":{"start":{"line":34,"column":1},"end":{"line":36,"column":null}},"17":{"start":{"line":42,"column":1},"end":{"line":47,"column":null}},"18":{"start":{"line":53,"column":1},"end":{"line":55,"column":null}},"19":{"start":{"line":19,"column":13},"end":{"line":92,"column":null}}},"fnMap":{"0":{"name":"(anonymous_4)","decl":{"start":{"line":20,"column":1},"end":{"line":20,"column":30}},"loc":{"start":{"line":20,"column":55},"end":{"line":20,"column":59}}},"1":{"name":"(anonymous_5)","decl":{"start":{"line":26,"column":1},"end":{"line":26,"column":12}},"loc":{"start":{"line":26,"column":53},"end":{"line":28,"column":2}}},"2":{"name":"(anonymous_6)","decl":{"start":{"line":34,"column":1},"end":{"line":34,"column":11}},"loc":{"start":{"line":34,"column":39},"end":{"line":36,"column":2}}},"3":{"name":"(anonymous_7)","decl":{"start":{"line":42,"column":1},"end":{"line":42,"column":11}},"loc":{"start":{"line":44,"column":42},"end":{"line":47,"column":2}}},"4":{"name":"(anonymous_8)","decl":{"start":{"line":53,"column":1},"end":{"line":53,"column":11}},"loc":{"start":{"line":53,"column":52},"end":{"line":55,"column":2}}}},"branchMap":{},"s":{"0":0,"1":0,"2":0,"3":0,"4":0,"5":0,"6":0,"7":0,"8":0,"9":0,"10":0,"11":0,"12":0,"13":0,"14":0,"15":0,"16":0,"17":0,"18":0,"19":0},"f":{"0":0,"1":0,"2":0,"3":0,"4":0},"b":{}}
,"/home/guilherme/Projetos/EzMotoFlow/api/src/users/users.module.ts": {"path":"/home/guilherme/Projetos/EzMotoFlow/api/src/users/users.module.ts","statementMap":{"0":{"start":{"line":1,"column":0},"end":{"line":1,"column":56}},"1":{"start":{"line":2,"column":0},"end":{"line":2,"column":53}},"2":{"start":{"line":3,"column":0},"end":{"line":3,"column":50}},"3":{"start":{"line":4,"column":0},"end":{"line":4,"column":47}},"4":{"start":{"line":5,"column":0},"end":{"line":5,"column":40}},"5":{"start":{"line":12,"column":7},"end":{"line":12,"column":null}},"6":{"start":{"line":12,"column":13},"end":{"line":12,"column":24}},"7":{"start":{"line":12,"column":13},"end":{"line":12,"column":null}}},"fnMap":{},"branchMap":{},"s":{"0":0,"1":0,"2":0,"3":0,"4":0,"5":0,"6":0,"7":0},"f":{},"b":{}}
,"/home/guilherme/Projetos/EzMotoFlow/api/src/users/users.service.ts": {"path":"/home/guilherme/Projetos/EzMotoFlow/api/src/users/users.service.ts","statementMap":{"0":{"start":{"line":1,"column":0},"end":{"line":1,"column":71}},"1":{"start":{"line":2,"column":0},"end":{"line":2,"column":64}},"2":{"start":{"line":3,"column":0},"end":{"line":3,"column":58}},"3":{"start":{"line":18,"column":7},"end":{"line":246,"column":null}},"4":{"start":{"line":20,"column":10},"end":{"line":20,"column":25}},"5":{"start":{"line":21,"column":10},"end":{"line":21,"column":26}},"6":{"start":{"line":25,"column":2},"end":{"line":52,"column":3}},"7":{"start":{"line":26,"column":20},"end":{"line":35,"column":5}},"8":{"start":{"line":37,"column":3},"end":{"line":38,"column":68}},"9":{"start":{"line":38,"column":4},"end":{"line":38,"column":68}},"10":{"start":{"line":40,"column":3},"end":{"line":40,"column":19}},"11":{"start":{"line":42,"column":3},"end":{"line":44,"column":4}},"12":{"start":{"line":43,"column":4},"end":{"line":43,"column":16}},"13":{"start":{"line":46,"column":3},"end":{"line":51,"column":5}},"14":{"start":{"line":56,"column":2},"end":{"line":94,"column":3}},"15":{"start":{"line":57,"column":27},"end":{"line":59,"column":5}},"16":{"start":{"line":61,"column":3},"end":{"line":65,"column":6}},"17":{"start":{"line":62,"column":4},"end":{"line":65,"column":6}},"18":{"start":{"line":67,"column":24},"end":{"line":68,"column":null}},"19":{"start":{"line":71,"column":16},"end":{"line":84,"column":5}},"20":{"start":{"line":86,"column":3},"end":{"line":86,"column":15}},"21":{"start":{"line":88,"column":3},"end":{"line":93,"column":5}},"22":{"start":{"line":101,"column":2},"end":{"line":167,"column":3}},"23":{"start":{"line":102,"column":27},"end":{"line":104,"column":5}},"24":{"start":{"line":106,"column":3},"end":{"line":110,"column":6}},"25":{"start":{"line":107,"column":4},"end":{"line":110,"column":6}},"26":{"start":{"line":112,"column":20},"end":{"line":116,"column":5}},"27":{"start":{"line":118,"column":3},"end":{"line":119,"column":68}},"28":{"start":{"line":119,"column":4},"end":{"line":119,"column":68}},"29":{"start":{"line":121,"column":3},"end":{"line":125,"column":6}},"30":{"start":{"line":122,"column":4},"end":{"line":125,"column":6}},"31":{"start":{"line":127,"column":74},"end":{"line":130,"column":5}},"32":{"start":{"line":132,"column":3},"end":{"line":137,"column":4}},"33":{"start":{"line":133,"column":25},"end":{"line":134,"column":null}},"34":{"start":{"line":136,"column":4},"end":{"line":136,"column":37}},"35":{"start":{"line":139,"column":16},"end":{"line":153,"column":5}},"36":{"start":{"line":155,"column":3},"end":{"line":155,"column":15}},"37":{"start":{"line":157,"column":3},"end":{"line":159,"column":4}},"38":{"start":{"line":158,"column":4},"end":{"line":158,"column":16}},"39":{"start":{"line":161,"column":3},"end":{"line":166,"column":5}},"40":{"start":{"line":171,"column":2},"end":{"line":202,"column":3}},"41":{"start":{"line":172,"column":20},"end":{"line":176,"column":5}},"42":{"start":{"line":178,"column":3},"end":{"line":179,"column":68}},"43":{"start":{"line":179,"column":4},"end":{"line":179,"column":68}},"44":{"start":{"line":180,"column":3},"end":{"line":184,"column":6}},"45":{"start":{"line":181,"column":4},"end":{"line":184,"column":6}},"46":{"start":{"line":186,"column":3},"end":{"line":190,"column":6}},"47":{"start":{"line":192,"column":3},"end":{"line":194,"column":5}},"48":{"start":{"line":196,"column":3},"end":{"line":201,"column":5}},"49":{"start":{"line":18,"column":13},"end":{"line":18,"column":25}},"50":{"start":{"line":18,"column":13},"end":{"line":246,"column":null}}},"fnMap":{"0":{"name":"(anonymous_2)","decl":{"start":{"line":19,"column":1},"end":{"line":19,"column":null}},"loc":{"start":{"line":21,"column":41},"end":{"line":22,"column":5}}},"1":{"name":"(anonymous_3)","decl":{"start":{"line":24,"column":1},"end":{"line":24,"column":6}},"loc":{"start":{"line":24,"column":39},"end":{"line":53,"column":2}}},"2":{"name":"(anonymous_4)","decl":{"start":{"line":55,"column":1},"end":{"line":55,"column":6}},"loc":{"start":{"line":55,"column":42},"end":{"line":95,"column":2}}},"3":{"name":"(anonymous_5)","decl":{"start":{"line":97,"column":1},"end":{"line":97,"column":6}},"loc":{"start":{"line":99,"column":26},"end":{"line":168,"column":2}}},"4":{"name":"(anonymous_6)","decl":{"start":{"line":170,"column":1},"end":{"line":170,"column":6}},"loc":{"start":{"line":170,"column":38},"end":{"line":203,"column":2}}}},"branchMap":{"0":{"loc":{"start":{"line":37,"column":3},"end":{"line":38,"column":68}},"type":"if","locations":[{"start":{"line":37,"column":3},"end":{"line":38,"column":68}}]},"1":{"loc":{"start":{"line":42,"column":3},"end":{"line":44,"column":4}},"type":"if","locations":[{"start":{"line":42,"column":3},"end":{"line":44,"column":4}}]},"2":{"loc":{"start":{"line":48,"column":4},"end":{"line":50,"column":39}},"type":"cond-expr","locations":[{"start":{"line":49,"column":7},"end":{"line":49,"column":24}},{"start":{"line":50,"column":7},"end":{"line":50,"column":39}}]},"3":{"loc":{"start":{"line":61,"column":3},"end":{"line":65,"column":6}},"type":"if","locations":[{"start":{"line":61,"column":3},"end":{"line":65,"column":6}}]},"4":{"loc":{"start":{"line":90,"column":4},"end":{"line":92,"column":39}},"type":"cond-expr","locations":[{"start":{"line":91,"column":7},"end":{"line":91,"column":24}},{"start":{"line":92,"column":7},"end":{"line":92,"column":39}}]},"5":{"loc":{"start":{"line":106,"column":3},"end":{"line":110,"column":6}},"type":"if","locations":[{"start":{"line":106,"column":3},"end":{"line":110,"column":6}}]},"6":{"loc":{"start":{"line":106,"column":7},"end":{"line":106,"column":65}},"type":"binary-expr","locations":[{"start":{"line":106,"column":7},"end":{"line":106,"column":22}},{"start":{"line":106,"column":26},"end":{"line":106,"column":65}}]},"7":{"loc":{"start":{"line":118,"column":3},"end":{"line":119,"column":68}},"type":"if","locations":[{"start":{"line":118,"column":3},"end":{"line":119,"column":68}}]},"8":{"loc":{"start":{"line":121,"column":3},"end":{"line":125,"column":6}},"type":"if","locations":[{"start":{"line":121,"column":3},"end":{"line":125,"column":6}}]},"9":{"loc":{"start":{"line":128,"column":10},"end":{"line":128,"column":65}},"type":"cond-expr","locations":[{"start":{"line":128,"column":31},"end":{"line":128,"column":49}},{"start":{"line":128,"column":52},"end":{"line":128,"column":65}}]},"10":{"loc":{"start":{"line":129,"column":11},"end":{"line":129,"column":69}},"type":"cond-expr","locations":[{"start":{"line":129,"column":33},"end":{"line":129,"column":52}},{"start":{"line":129,"column":55},"end":{"line":129,"column":69}}]},"11":{"loc":{"start":{"line":132,"column":3},"end":{"line":137,"column":4}},"type":"if","locations":[{"start":{"line":132,"column":3},"end":{"line":137,"column":4}}]},"12":{"loc":{"start":{"line":145,"column":15},"end":{"line":145,"column":72}},"type":"cond-expr","locations":[{"start":{"line":145,"column":35},"end":{"line":145,"column":52}},{"start":{"line":145,"column":55},"end":{"line":145,"column":72}}]},"13":{"loc":{"start":{"line":157,"column":3},"end":{"line":159,"column":4}},"type":"if","locations":[{"start":{"line":157,"column":3},"end":{"line":159,"column":4}}]},"14":{"loc":{"start":{"line":163,"column":4},"end":{"line":165,"column":39}},"type":"cond-expr","locations":[{"start":{"line":164,"column":7},"end":{"line":164,"column":24}},{"start":{"line":165,"column":7},"end":{"line":165,"column":39}}]},"15":{"loc":{"start":{"line":178,"column":3},"end":{"line":179,"column":68}},"type":"if","locations":[{"start":{"line":178,"column":3},"end":{"line":179,"column":68}}]},"16":{"loc":{"start":{"line":180,"column":3},"end":{"line":184,"column":6}},"type":"if","locations":[{"start":{"line":180,"column":3},"end":{"line":184,"column":6}}]},"17":{"loc":{"start":{"line":198,"column":4},"end":{"line":200,"column":39}},"type":"cond-expr","locations":[{"start":{"line":199,"column":7},"end":{"line":199,"column":24}},{"start":{"line":200,"column":7},"end":{"line":200,"column":39}}]}},"s":{"0":0,"1":0,"2":0,"3":0,"4":0,"5":0,"6":0,"7":0,"8":0,"9":0,"10":0,"11":0,"12":0,"13":0,"14":0,"15":0,"16":0,"17":0,"18":0,"19":0,"20":0,"21":0,"22":0,"23":0,"24":0,"25":0,"26":0,"27":0,"28":0,"29":0,"30":0,"31":0,"32":0,"33":0,"34":0,"35":0,"36":0,"37":0,"38":0,"39":0,"40":0,"41":0,"42":0,"43":0,"44":0,"45":0,"46":0,"47":0,"48":0,"49":0,"50":0},"f":{"0":0,"1":0,"2":0,"3":0,"4":0},"b":{"0":[0],"1":[0],"2":[0,0],"3":[0],"4":[0,0],"5":[0],"6":[0,0],"7":[0],"8":[0],"9":[0,0],"10":[0,0],"11":[0],"12":[0,0],"13":[0],"14":[0,0],"15":[0],"16":[0],"17":[0,0]}}
,"/home/guilherme/Projetos/EzMotoFlow/api/src/users/dto/create-user.dto.ts": {"path":"/home/guilherme/Projetos/EzMotoFlow/api/src/users/dto/create-user.dto.ts","statementMap":{"0":{"start":{"line":1,"column":0},"end":{"line":1,"column":null}},"1":{"start":{"line":8,"column":0},"end":{"line":8,"column":13}},"2":{"start":{"line":11,"column":10},"end":{"line":11,"column":null}},"3":{"start":{"line":20,"column":10},"end":{"line":20,"column":null}},"4":{"start":{"line":24,"column":10},"end":{"line":24,"column":null}}},"fnMap":{},"branchMap":{},"s":{"0":0,"1":0,"2":0,"3":0,"4":0},"f":{},"b":{}}
,"/home/guilherme/Projetos/EzMotoFlow/api/src/users/dto/response.dto.ts": {"path":"/home/guilherme/Projetos/EzMotoFlow/api/src/users/dto/response.dto.ts","statementMap":{"0":{"start":{"line":1,"column":0},"end":{"line":1,"column":13}},"1":{"start":{"line":9,"column":0},"end":{"line":9,"column":13}},"2":{"start":{"line":17,"column":0},"end":{"line":17,"column":13}},"3":{"start":{"line":23,"column":0},"end":{"line":23,"column":13}}},"fnMap":{},"branchMap":{},"s":{"0":0,"1":0,"2":0,"3":0},"f":{},"b":{}}
,"/home/guilherme/Projetos/EzMotoFlow/api/src/users/dto/update-user.dto.ts": {"path":"/home/guilherme/Projetos/EzMotoFlow/api/src/users/dto/update-user.dto.ts","statementMap":{"0":{"start":{"line":1,"column":0},"end":{"line":1,"column":50}},"1":{"start":{"line":2,"column":0},"end":{"line":2,"column":46}},"2":{"start":{"line":4,"column":0},"end":{"line":4,"column":13}}},"fnMap":{},"branchMap":{},"s":{"0":0,"1":0,"2":0},"f":{},"b":{}}
}
