TN:
SF:src/main.ts
FN:7,bootstrap
FN:27,(anonymous_1)
FNF:2
FNH:0
FNDA:0,bootstrap
FNDA:0,(anonymous_1)
DA:1,0
DA:2,0
DA:3,0
DA:4,0
DA:5,0
DA:8,0
DA:10,0
DA:18,0
DA:20,0
DA:27,0
DA:28,0
DA:30,0
DA:31,0
DA:33,0
DA:35,0
LF:15
LH:0
BRDA:33,0,0,0
BRDA:33,0,1,0
BRF:2
BRH:0
end_of_record
TN:
SF:src/app/app.controller.ts
FNF:0
FNH:0
DA:1,0
DA:2,0
DA:6,0
LF:3
LH:0
BRF:0
BRH:0
end_of_record
TN:
SF:src/app/app.module.ts
FNF:0
FNH:0
DA:1,0
DA:2,0
DA:3,0
DA:4,0
DA:5,0
DA:6,0
DA:7,0
DA:8,0
DA:9,0
DA:10,0
DA:11,0
DA:12,0
DA:13,0
DA:14,0
DA:42,0
LF:15
LH:0
BRF:0
BRH:0
end_of_record
TN:
SF:src/app/app.service.ts
FNF:0
FNH:0
DA:1,0
DA:4,0
LF:2
LH:0
BRF:0
BRH:0
end_of_record
TN:
SF:src/auth/auth.controller.ts
FN:8,(anonymous_4)
FN:12,(anonymous_5)
FNF:2
FNH:0
FNDA:0,(anonymous_4)
FNDA:0,(anonymous_5)
DA:1,0
DA:2,0
DA:3,0
DA:4,0
DA:7,0
DA:8,0
DA:12,0
DA:13,0
LF:8
LH:0
BRF:0
BRH:0
end_of_record
TN:
SF:src/auth/auth.module.ts
FNF:0
FNH:0
DA:1,0
DA:2,0
DA:3,0
DA:4,0
DA:5,0
DA:6,0
DA:7,0
DA:8,0
DA:9,0
DA:28,0
LF:10
LH:0
BRF:0
BRH:0
end_of_record
TN:
SF:src/auth/auth.service.ts
FN:12,(anonymous_4)
FN:21,(anonymous_5)
FNF:2
FNH:0
FNDA:0,(anonymous_4)
FNDA:0,(anonymous_5)
DA:1,0
DA:2,0
DA:3,0
DA:5,0
DA:8,0
DA:11,0
DA:13,0
DA:14,0
DA:17,0
DA:18,0
DA:22,0
DA:23,0
DA:29,0
DA:30,0
DA:32,0
DA:37,0
DA:38,0
DA:43,0
DA:56,0
DA:63,0
LF:20
LH:0
BRDA:29,0,0,0
BRDA:37,1,0,0
BRDA:64,2,0,0
BRDA:64,2,1,0
BRDA:65,3,0,0
BRDA:65,3,1,0
BRF:6
BRH:0
end_of_record
TN:
SF:src/auth/commom/auth.constant.ts
FNF:0
FNH:0
DA:1,0
LF:1
LH:0
BRF:0
BRH:0
end_of_record
TN:
SF:src/auth/config/jwt.config.ts
FN:3,(anonymous_0)
FNF:1
FNH:0
FNDA:0,(anonymous_0)
DA:1,0
DA:3,0
DA:4,0
LF:3
LH:0
BRF:0
BRH:0
end_of_record
TN:
SF:src/auth/dto/login.dto.ts
FNF:0
FNH:0
DA:1,0
DA:3,0
DA:6,0
DA:10,0
LF:4
LH:0
BRF:0
BRH:0
end_of_record
TN:
SF:src/auth/dto/payload.dto.ts
FNF:0
FNH:0
DA:1,0
LF:1
LH:0
BRF:0
BRH:0
end_of_record
TN:
SF:src/auth/dto/response.dto.ts
FNF:0
FNH:0
DA:1,0
LF:1
LH:0
BRF:0
BRH:0
end_of_record
TN:
SF:src/auth/guard/auth-token.guard.ts
FN:17,(anonymous_4)
FN:24,(anonymous_5)
FN:46,(anonymous_6)
FNF:3
FNH:0
FNDA:0,(anonymous_4)
FNDA:0,(anonymous_5)
FNDA:0,(anonymous_6)
DA:1,0
DA:2,0
DA:4,0
DA:6,0
DA:16,0
DA:18,0
DA:21,0
DA:25,0
DA:26,0
DA:28,0
DA:29,0
DA:31,0
DA:32,0
DA:33,0
DA:35,0
DA:43,0
DA:47,0
DA:49,0
DA:51,0
LF:19
LH:0
BRDA:28,0,0,0
BRDA:37,1,0,0
BRDA:37,1,1,0
BRDA:49,2,0,0
BRF:4
BRH:0
end_of_record
TN:
SF:src/auth/hash/bcrypt.service.ts
FN:5,(anonymous_0)
FN:10,(anonymous_1)
FNF:2
FNH:0
FNDA:0,(anonymous_0)
FNDA:0,(anonymous_1)
DA:1,0
DA:2,0
DA:4,0
DA:6,0
DA:7,0
DA:11,0
LF:6
LH:0
BRF:0
BRH:0
end_of_record
TN:
SF:src/auth/hash/hashing.service.ts
FNF:0
FNH:0
DA:1,0
LF:1
LH:0
BRF:0
BRH:0
end_of_record
TN:
SF:src/auth/params/token-payload.param.ts
FN:5,(anonymous_0)
FNF:1
FNH:0
FNDA:0,(anonymous_0)
DA:1,0
DA:2,0
DA:4,0
DA:6,0
DA:7,0
DA:8,0
LF:6
LH:0
BRF:0
BRH:0
end_of_record
TN:
SF:src/aws/aws-s3.module.ts
FNF:0
FNH:0
DA:1,0
DA:2,0
DA:8,0
LF:3
LH:0
BRF:0
BRH:0
end_of_record
TN:
SF:src/aws/aws-s3.service.ts
FN:14,(anonymous_2)
FN:37,(anonymous_3)
FN:79,(anonymous_4)
FNF:3
FNH:0
FNDA:0,(anonymous_2)
FNDA:0,(anonymous_3)
FNDA:0,(anonymous_4)
DA:1,0
DA:2,0
DA:3,0
DA:10,0
DA:14,0
DA:15,0
DA:16,0
DA:19,0
DA:20,0
DA:22,0
DA:23,0
DA:26,0
DA:34,0
DA:38,0
DA:40,0
DA:41,0
DA:43,0
DA:44,0
DA:47,0
DA:50,0
DA:52,0
DA:53,0
DA:57,0
DA:60,0
DA:68,0
DA:71,0
DA:74,0
DA:75,0
DA:80,0
DA:81,0
DA:82,0
DA:87,0
DA:89,0
LF:33
LH:0
BRDA:22,0,0,0
BRDA:22,1,0,0
BRDA:22,1,1,0
BRDA:22,1,2,0
BRDA:22,1,3,0
BRDA:41,2,0,0
BRDA:52,3,0,0
BRF:7
BRH:0
end_of_record
TN:
SF:src/clients/clients.controller.ts
FN:26,(anonymous_4)
FN:56,(anonymous_5)
FN:69,(anonymous_6)
FN:76,(anonymous_7)
FN:89,(anonymous_8)
FN:102,(anonymous_9)
FNF:6
FNH:0
FNDA:0,(anonymous_4)
FNDA:0,(anonymous_5)
FNDA:0,(anonymous_6)
FNDA:0,(anonymous_7)
FNDA:0,(anonymous_8)
FNDA:0,(anonymous_9)
DA:1,0
DA:2,0
DA:3,0
DA:4,0
DA:5,0
DA:6,0
DA:12,0
DA:25,0
DA:26,0
DA:56,0
DA:57,0
DA:69,0
DA:70,0
DA:76,0
DA:77,0
DA:89,0
DA:90,0
DA:102,0
DA:103,0
LF:19
LH:0
BRF:0
BRH:0
end_of_record
TN:
SF:src/clients/clients.module.ts
FNF:0
FNH:0
DA:1,0
DA:2,0
DA:3,0
DA:4,0
DA:5,0
DA:12,0
LF:6
LH:0
BRF:0
BRH:0
end_of_record
TN:
SF:src/clients/clients.service.ts
FN:14,(anonymous_2)
FN:16,(anonymous_3)
FN:59,(anonymous_4)
FN:97,(anonymous_5)
FN:165,(anonymous_6)
FN:241,(anonymous_7)
FNF:6
FNH:0
FNDA:0,(anonymous_2)
FNDA:0,(anonymous_3)
FNDA:0,(anonymous_4)
FNDA:0,(anonymous_5)
FNDA:0,(anonymous_6)
FNDA:0,(anonymous_7)
DA:1,0
DA:4,0
DA:13,0
DA:14,0
DA:17,0
DA:18,0
DA:20,0
DA:48,0
DA:50,0
DA:60,0
DA:61,0
DA:83,0
DA:84,0
DA:86,0
DA:88,0
DA:98,0
DA:99,0
DA:103,0
DA:104,0
DA:109,0
DA:113,0
DA:114,0
DA:119,0
DA:151,0
DA:153,0
DA:154,0
DA:156,0
DA:169,0
DA:170,0
DA:171,0
DA:175,0
DA:176,0
DA:182,0
DA:183,0
DA:187,0
DA:188,0
DA:194,0
DA:200,0
DA:201,0
DA:203,0
DA:227,0
DA:229,0
DA:230,0
DA:232,0
DA:242,0
DA:243,0
DA:249,0
DA:250,0
DA:252,0
DA:258,0
DA:260,0
LF:51
LH:0
BRDA:18,0,0,0
BRDA:18,1,0,0
BRDA:18,2,0,0
BRDA:18,3,0,0
BRDA:33,4,0,0
BRDA:33,4,1,0
BRDA:34,5,0,0
BRDA:34,5,1,0
BRDA:52,6,0,0
BRDA:52,6,1,0
BRDA:83,7,0,0
BRDA:90,8,0,0
BRDA:90,8,1,0
BRDA:103,9,0,0
BRDA:113,10,0,0
BRDA:126,11,0,0
BRDA:126,11,1,0
BRDA:153,12,0,0
BRDA:158,13,0,0
BRDA:158,13,1,0
BRDA:170,14,0,0
BRDA:175,15,0,0
BRDA:182,16,0,0
BRDA:187,17,0,0
BRDA:200,18,0,0
BRDA:209,19,0,0
BRDA:209,19,1,0
BRDA:229,20,0,0
BRDA:234,21,0,0
BRDA:234,21,1,0
BRDA:249,22,0,0
BRDA:262,23,0,0
BRDA:262,23,1,0
BRF:33
BRH:0
end_of_record
TN:
SF:src/clients/dto/create-clients.dto.ts
FN:10,(anonymous_2)
FNF:1
FNH:0
FNDA:0,(anonymous_2)
DA:1,0
DA:10,0
DA:11,0
DA:12,0
DA:15,0
DA:18,0
DA:22,0
DA:26,0
DA:30,0
DA:34,0
DA:38,0
DA:42,0
DA:46,0
DA:50,0
DA:54,0
DA:58,0
DA:62,0
DA:66,0
DA:70,0
LF:19
LH:0
BRDA:10,0,0,0
BRDA:10,0,1,0
BRF:2
BRH:0
end_of_record
TN:
SF:src/clients/dto/filter.dto.ts
FNF:0
FNH:0
DA:1,0
DA:2,0
DA:4,0
DA:7,0
DA:11,0
LF:5
LH:0
BRF:0
BRH:0
end_of_record
TN:
SF:src/clients/dto/response.dto.ts
FNF:0
FNH:0
DA:1,0
DA:13,0
DA:32,0
LF:3
LH:0
BRF:0
BRH:0
end_of_record
TN:
SF:src/clients/dto/update-clients.dto.ts
FNF:0
FNH:0
DA:1,0
DA:2,0
DA:4,0
LF:3
LH:0
BRF:0
BRH:0
end_of_record
TN:
SF:src/commom/dto/pagination.dto.ts
FN:9,(anonymous_2)
FN:16,(anonymous_3)
FNF:2
FNH:0
FNDA:0,(anonymous_2)
FNDA:0,(anonymous_3)
DA:1,0
DA:2,0
DA:4,0
DA:9,0
DA:10,0
DA:16,0
DA:17,0
LF:7
LH:0
BRF:0
BRH:0
end_of_record
TN:
SF:src/commom/filters/exception-filter.ts
FN:4,(anonymous_0)
FNF:1
FNH:0
FNDA:0,(anonymous_0)
DA:3,0
DA:5,0
DA:6,0
DA:7,0
DA:8,0
DA:10,0
LF:6
LH:0
BRDA:8,0,0,0
BRDA:8,0,1,0
BRDA:16,1,0,0
BRDA:16,1,1,0
BRF:4
BRH:0
end_of_record
TN:
SF:src/commom/interceptors/logger.interceptor.ts
FN:12,(anonymous_1)
FN:19,(anonymous_2)
FNF:2
FNH:0
FNDA:0,(anonymous_1)
FNDA:0,(anonymous_2)
DA:1,0
DA:3,0
DA:11,0
DA:16,0
DA:18,0
DA:20,0
LF:6
LH:0
BRF:0
BRH:0
end_of_record
TN:
SF:src/contract/contract.controller.ts
FN:18,(anonymous_4)
FN:79,(anonymous_5)
FN:92,(anonymous_6)
FN:100,(anonymous_7)
FN:113,(anonymous_8)
FNF:5
FNH:0
FNDA:0,(anonymous_4)
FNDA:0,(anonymous_5)
FNDA:0,(anonymous_6)
FNDA:0,(anonymous_7)
FNDA:0,(anonymous_8)
DA:1,0
DA:2,0
DA:3,0
DA:4,0
DA:5,0
DA:6,0
DA:17,0
DA:18,0
DA:79,0
DA:80,0
DA:92,0
DA:93,0
DA:100,0
DA:101,0
DA:113,0
DA:114,0
LF:16
LH:0
BRF:0
BRH:0
end_of_record
TN:
SF:src/contract/contract.module.ts
FNF:0
FNH:0
DA:1,0
DA:2,0
DA:3,0
DA:4,0
DA:5,0
DA:12,0
LF:6
LH:0
BRF:0
BRH:0
end_of_record
TN:
SF:src/contract/contract.service.ts
FN:12,(anonymous_2)
FN:14,(anonymous_3)
FN:132,(anonymous_4)
FN:183,(anonymous_5)
FN:264,(anonymous_6)
FNF:5
FNH:0
FNDA:0,(anonymous_2)
FNDA:0,(anonymous_3)
FNDA:0,(anonymous_4)
FNDA:0,(anonymous_5)
FNDA:0,(anonymous_6)
DA:1,0
DA:3,0
DA:11,0
DA:12,0
DA:15,0
DA:26,0
DA:28,0
DA:121,0
DA:123,0
DA:133,0
DA:134,0
DA:168,0
DA:169,0
DA:172,0
DA:174,0
DA:184,0
DA:185,0
DA:192,0
DA:193,0
DA:198,0
DA:202,0
DA:203,0
DA:205,0
DA:209,0
DA:210,0
DA:212,0
DA:253,0
DA:255,0
DA:265,0
DA:266,0
DA:272,0
DA:273,0
DA:276,0
DA:282,0
DA:284,0
LF:35
LH:0
BRDA:17,0,0,0
BRDA:18,1,0,0
BRDA:60,2,0,0
BRDA:60,2,1,0
BRDA:61,3,0,0
BRDA:61,3,1,0
BRDA:69,4,0,0
BRDA:69,4,1,0
BRDA:77,5,0,0
BRDA:77,5,1,0
BRDA:85,6,0,0
BRDA:85,6,1,0
BRDA:93,7,0,0
BRDA:93,7,1,0
BRDA:93,8,0,0
BRDA:93,8,1,0
BRDA:100,9,0,0
BRDA:100,9,1,0
BRDA:106,10,0,0
BRDA:106,10,1,0
BRDA:125,11,0,0
BRDA:125,11,1,0
BRDA:168,12,0,0
BRDA:176,13,0,0
BRDA:176,13,1,0
BRDA:192,14,0,0
BRDA:202,15,0,0
BRDA:209,16,0,0
BRDA:257,17,0,0
BRDA:257,17,1,0
BRDA:272,18,0,0
BRDA:286,19,0,0
BRDA:286,19,1,0
BRF:33
BRH:0
end_of_record
TN:
SF:src/contract/dto/create-contract.dto.ts
FN:3,(anonymous_2)
FNF:1
FNH:0
FNDA:0,(anonymous_2)
DA:1,0
DA:3,0
DA:4,0
DA:5,0
DA:6,0
DA:9,0
DA:12,0
DA:16,0
DA:20,0
DA:24,0
DA:28,0
LF:11
LH:0
BRDA:3,0,0,0
BRDA:3,0,1,0
BRF:2
BRH:0
end_of_record
TN:
SF:src/contract/dto/filter.dto.ts
FN:27,(anonymous_2)
FN:32,(anonymous_3)
FNF:2
FNH:0
FNDA:0,(anonymous_2)
FNDA:0,(anonymous_3)
DA:1,0
DA:2,0
DA:3,0
DA:5,0
DA:8,0
DA:12,0
DA:16,0
DA:20,0
DA:24,0
DA:27,0
DA:29,0
DA:32,0
DA:34,0
LF:13
LH:0
BRF:0
BRH:0
end_of_record
TN:
SF:src/contract/dto/response.dto.ts
FNF:0
FNH:0
DA:1,0
DA:28,0
LF:2
LH:0
BRF:0
BRH:0
end_of_record
TN:
SF:src/motorcycle/motorcycle.controller.ts
FN:26,(anonymous_4)
FN:74,(anonymous_5)
FN:87,(anonymous_6)
FN:94,(anonymous_7)
FN:107,(anonymous_8)
FN:120,(anonymous_9)
FNF:6
FNH:0
FNDA:0,(anonymous_4)
FNDA:0,(anonymous_5)
FNDA:0,(anonymous_6)
FNDA:0,(anonymous_7)
FNDA:0,(anonymous_8)
FNDA:0,(anonymous_9)
DA:1,0
DA:2,0
DA:3,0
DA:4,0
DA:5,0
DA:6,0
DA:17,0
DA:25,0
DA:26,0
DA:74,0
DA:75,0
DA:87,0
DA:88,0
DA:94,0
DA:95,0
DA:107,0
DA:108,0
DA:120,0
DA:121,0
LF:19
LH:0
BRF:0
BRH:0
end_of_record
TN:
SF:src/motorcycle/motorcycle.module.ts
FNF:0
FNH:0
DA:1,0
DA:2,0
DA:3,0
DA:4,0
DA:5,0
DA:6,0
DA:13,0
LF:7
LH:0
BRF:0
BRH:0
end_of_record
TN:
SF:src/motorcycle/motorcycle.service.ts
FN:14,(anonymous_2)
FN:19,(anonymous_3)
FN:102,(anonymous_4)
FN:142,(anonymous_5)
FN:179,(anonymous_6)
FN:241,(anonymous_7)
FN:411,(anonymous_8)
FN:429,(anonymous_9)
FNF:8
FNH:0
FNDA:0,(anonymous_2)
FNDA:0,(anonymous_3)
FNDA:0,(anonymous_4)
FNDA:0,(anonymous_5)
FNDA:0,(anonymous_6)
FNDA:0,(anonymous_7)
FNDA:0,(anonymous_8)
FNDA:0,(anonymous_9)
DA:1,0
DA:4,0
DA:5,0
DA:13,0
DA:15,0
DA:16,0
DA:20,0
DA:29,0
DA:31,0
DA:91,0
DA:93,0
DA:103,0
DA:104,0
DA:128,0
DA:129,0
DA:131,0
DA:133,0
DA:145,0
DA:146,0
DA:148,0
DA:152,0
DA:153,0
DA:158,0
DA:162,0
DA:163,0
DA:168,0
DA:172,0
DA:173,0
DA:178,0
DA:180,0
DA:186,0
DA:188,0
DA:227,0
DA:229,0
DA:230,0
DA:232,0
DA:245,0
DA:246,0
DA:247,0
DA:254,0
DA:255,0
DA:262,0
DA:263,0
DA:270,0
DA:271,0
DA:278,0
DA:279,0
DA:288,0
DA:289,0
DA:296,0
DA:302,0
DA:303,0
DA:306,0
DA:307,0
DA:308,0
DA:313,0
DA:314,0
DA:316,0
DA:317,0
DA:321,0
DA:326,0
DA:327,0
DA:328,0
DA:333,0
DA:334,0
DA:336,0
DA:337,0
DA:340,0
DA:345,0
DA:346,0
DA:347,0
DA:352,0
DA:353,0
DA:355,0
DA:356,0
DA:359,0
DA:363,0
DA:397,0
DA:399,0
DA:400,0
DA:402,0
DA:412,0
DA:413,0
DA:419,0
DA:420,0
DA:422,0
DA:428,0
DA:430,0
DA:436,0
DA:442,0
DA:444,0
LF:91
LH:0
BRDA:22,0,0,0
BRDA:23,1,0,0
BRDA:24,2,0,0
BRDA:25,3,0,0
BRDA:26,4,0,0
BRDA:50,5,0,0
BRDA:50,5,1,0
BRDA:51,6,0,0
BRDA:51,6,1,0
BRDA:57,7,0,0
BRDA:57,7,1,0
BRDA:63,8,0,0
BRDA:63,8,1,0
BRDA:63,9,0,0
BRDA:63,9,1,0
BRDA:70,10,0,0
BRDA:70,10,1,0
BRDA:76,11,0,0
BRDA:76,11,1,0
BRDA:95,12,0,0
BRDA:95,12,1,0
BRDA:128,13,0,0
BRDA:135,14,0,0
BRDA:135,14,1,0
BRDA:152,15,0,0
BRDA:162,16,0,0
BRDA:172,17,0,0
BRDA:180,18,0,0
BRDA:180,18,1,0
BRDA:180,19,0,0
BRDA:180,19,1,0
BRDA:229,20,0,0
BRDA:234,21,0,0
BRDA:234,21,1,0
BRDA:246,22,0,0
BRDA:254,23,0,0
BRDA:262,24,0,0
BRDA:270,25,0,0
BRDA:278,26,0,0
BRDA:288,27,0,0
BRDA:302,28,0,0
BRDA:307,29,0,0
BRDA:308,30,0,0
BRDA:308,30,1,0
BRDA:309,31,0,0
BRDA:309,31,1,0
BRDA:309,31,2,0
BRDA:313,32,0,0
BRDA:317,33,0,0
BRDA:317,33,1,0
BRDA:317,34,0,0
BRDA:317,34,1,0
BRDA:327,35,0,0
BRDA:328,36,0,0
BRDA:328,36,1,0
BRDA:329,37,0,0
BRDA:329,37,1,0
BRDA:329,37,2,0
BRDA:333,38,0,0
BRDA:337,39,0,0
BRDA:337,39,1,0
BRDA:337,40,0,0
BRDA:337,40,1,0
BRDA:346,41,0,0
BRDA:347,42,0,0
BRDA:347,42,1,0
BRDA:348,43,0,0
BRDA:348,43,1,0
BRDA:348,43,2,0
BRDA:352,44,0,0
BRDA:356,45,0,0
BRDA:356,45,1,0
BRDA:356,46,0,0
BRDA:356,46,1,0
BRDA:369,47,0,0
BRDA:369,47,1,0
BRDA:399,48,0,0
BRDA:404,49,0,0
BRDA:404,49,1,0
BRDA:419,50,0,0
BRDA:430,51,0,0
BRDA:430,51,1,0
BRDA:430,52,0,0
BRDA:430,52,1,0
BRDA:446,53,0,0
BRDA:446,53,1,0
BRF:86
BRH:0
end_of_record
TN:
SF:src/motorcycle/dto/create-motorcycle.dto.ts
FNF:0
FNH:0
DA:1,0
DA:10,0
DA:13,0
DA:17,0
DA:22,0
DA:26,0
DA:31,0
DA:36,0
DA:40,0
DA:44,0
DA:48,0
DA:52,0
DA:56,0
DA:60,0
DA:64,0
DA:68,0
LF:16
LH:0
BRF:0
BRH:0
end_of_record
TN:
SF:src/motorcycle/dto/filter.dto.ts
FN:19,(anonymous_2)
FN:24,(anonymous_3)
FNF:2
FNH:0
FNDA:0,(anonymous_2)
FNDA:0,(anonymous_3)
DA:1,0
DA:2,0
DA:3,0
DA:5,0
DA:8,0
DA:12,0
DA:16,0
DA:19,0
DA:21,0
DA:24,0
DA:26,0
LF:11
LH:0
BRF:0
BRH:0
end_of_record
TN:
SF:src/motorcycle/dto/response.dto.ts
FNF:0
FNH:0
DA:1,0
DA:18,0
LF:2
LH:0
BRF:0
BRH:0
end_of_record
TN:
SF:src/motorcycle/dto/update-motorcycle.dto.ts
FNF:0
FNH:0
DA:1,0
DA:2,0
DA:4,0
LF:3
LH:0
BRF:0
BRH:0
end_of_record
TN:
SF:src/prisma/prisma.module.ts
FNF:0
FNH:0
DA:1,0
DA:2,0
DA:8,0
LF:3
LH:0
BRF:0
BRH:0
end_of_record
TN:
SF:src/prisma/prisma.service.ts
FN:9,(anonymous_1)
FN:13,(anonymous_2)
FNF:2
FNH:0
FNDA:0,(anonymous_1)
FNDA:0,(anonymous_2)
DA:1,0
DA:2,0
DA:5,0
DA:10,0
DA:14,0
LF:5
LH:0
BRF:0
BRH:0
end_of_record
TN:
SF:src/users/users.controller.ts
FN:20,(anonymous_4)
FN:26,(anonymous_5)
FN:34,(anonymous_6)
FN:42,(anonymous_7)
FN:53,(anonymous_8)
FNF:5
FNH:0
FNDA:0,(anonymous_4)
FNDA:0,(anonymous_5)
FNDA:0,(anonymous_6)
FNDA:0,(anonymous_7)
FNDA:0,(anonymous_8)
DA:1,0
DA:2,0
DA:3,0
DA:4,0
DA:5,0
DA:6,0
DA:7,0
DA:8,0
DA:19,0
DA:20,0
DA:26,0
DA:27,0
DA:34,0
DA:35,0
DA:42,0
DA:46,0
DA:53,0
DA:54,0
LF:18
LH:0
BRF:0
BRH:0
end_of_record
TN:
SF:src/users/users.module.ts
FNF:0
FNH:0
DA:1,0
DA:2,0
DA:3,0
DA:4,0
DA:5,0
DA:12,0
LF:6
LH:0
BRF:0
BRH:0
end_of_record
TN:
SF:src/users/users.service.ts
FN:19,(anonymous_2)
FN:24,(anonymous_3)
FN:55,(anonymous_4)
FN:97,(anonymous_5)
FN:170,(anonymous_6)
FNF:5
FNH:0
FNDA:0,(anonymous_2)
FNDA:0,(anonymous_3)
FNDA:0,(anonymous_4)
FNDA:0,(anonymous_5)
FNDA:0,(anonymous_6)
DA:1,0
DA:2,0
DA:3,0
DA:18,0
DA:20,0
DA:21,0
DA:25,0
DA:26,0
DA:37,0
DA:38,0
DA:40,0
DA:42,0
DA:43,0
DA:46,0
DA:56,0
DA:57,0
DA:61,0
DA:62,0
DA:67,0
DA:71,0
DA:86,0
DA:88,0
DA:101,0
DA:102,0
DA:106,0
DA:107,0
DA:112,0
DA:118,0
DA:119,0
DA:121,0
DA:122,0
DA:127,0
DA:132,0
DA:133,0
DA:136,0
DA:139,0
DA:155,0
DA:157,0
DA:158,0
DA:161,0
DA:171,0
DA:172,0
DA:178,0
DA:179,0
DA:180,0
DA:181,0
DA:186,0
DA:192,0
DA:196,0
LF:49
LH:0
BRDA:37,0,0,0
BRDA:42,1,0,0
BRDA:48,2,0,0
BRDA:48,2,1,0
BRDA:61,3,0,0
BRDA:90,4,0,0
BRDA:90,4,1,0
BRDA:106,5,0,0
BRDA:106,6,0,0
BRDA:106,6,1,0
BRDA:118,7,0,0
BRDA:121,8,0,0
BRDA:128,9,0,0
BRDA:128,9,1,0
BRDA:129,10,0,0
BRDA:129,10,1,0
BRDA:132,11,0,0
BRDA:145,12,0,0
BRDA:145,12,1,0
BRDA:157,13,0,0
BRDA:163,14,0,0
BRDA:163,14,1,0
BRDA:178,15,0,0
BRDA:180,16,0,0
BRDA:198,17,0,0
BRDA:198,17,1,0
BRF:26
BRH:0
end_of_record
TN:
SF:src/users/dto/create-user.dto.ts
FNF:0
FNH:0
DA:1,0
DA:8,0
DA:11,0
DA:20,0
DA:24,0
LF:5
LH:0
BRF:0
BRH:0
end_of_record
TN:
SF:src/users/dto/response.dto.ts
FNF:0
FNH:0
DA:1,0
DA:9,0
DA:17,0
DA:23,0
LF:4
LH:0
BRF:0
BRH:0
end_of_record
TN:
SF:src/users/dto/update-user.dto.ts
FNF:0
FNH:0
DA:1,0
DA:2,0
DA:4,0
LF:3
LH:0
BRF:0
BRH:0
end_of_record
